#
# A fatal error has been detected by the Java Runtime Environment:
#
#  EXCEPTION_ACCESS_VIOLATION (0xc0000005) at pc=0x00007ffb7b95aedd, pid=17316, tid=6184
#
# JRE version: OpenJDK Runtime Environment Microsoft-11369940 (21.0.7+6) (build 21.0.7+6-LTS)
# Java VM: OpenJDK 64-Bit Server VM Microsoft-11369940 (21.0.7+6-LTS, mixed mode, sharing, tiered, compressed oops, compressed class ptrs, g1 gc, windows-amd64)
# Problematic frame:
# V  [jvm.dll+0x5daedd]
#
# No core dump will be written. Minidumps are not enabled by default on client versions of Windows
#
# If you would like to submit a bug report, please visit:
#   https://github.com/microsoft/openjdk/issues
#

---------------  S U M M A R Y ------------

Command Line: -javaagent:C:\Program Files\JetBrains\IntelliJ IDEA Community Edition 2023.2.1\lib\idea_rt.jar=60944:C:\Program Files\JetBrains\IntelliJ IDEA Community Edition 2023.2.1\bin -Dfile.encoding=UTF-8 -Dsun.stdout.encoding=UTF-8 -Dsun.stderr.encoding=UTF-8 -agentpath:C:\Program Files\SentinelOne\Sentinel Agent 25.1.4.434\SentinelJava64.dll=extendedCapabilities com.example.demo.SpringbootWeb1Application

Host: AMD Ryzen 3 5300U with Radeon Graphics         , 8 cores, 7G,  Windows 11 , 64 bit Build 26100 (10.0.26100.7705)
Time: Tue Feb  3 11:25:06 2026 India Standard Time elapsed time: 9.077353 seconds (0d 0h 0m 9s)

---------------  T H R E A D  ---------------

Current thread (0x000002609f290aa0):  JavaThread "http-nio-8080-exec-1" daemon [_thread_in_vm, id=6184, stack(0x0000008905400000,0x0000008905500000) (1024K)]

Stack: [0x0000008905400000,0x0000008905500000],  sp=0x00000089054fbc80,  free space=1007k
Native frames: (J=compiled Java code, j=interpreted, Vv=VM code, C=native code)
V  [jvm.dll+0x5daedd]
V  [jvm.dll+0x3ddc75]
V  [jvm.dll+0x3dd2ed]
C  0x000002604a8aa360

The last pc belongs to invokevirtual (printed below).
Java frames: (J=compiled Java code, j=interpreted, Vv=VM code)
j  jakarta.servlet.http.HttpServletRequestWrapper.getIntHeader(Ljava/lang/String;)I+1
v  ~StubRoutines::call_stub 0x000002604a89100d
j  org.apache.jasper.runtime.HttpJspBase.service(Ljakarta/servlet/http/HttpServletRequest;Ljakarta/servlet/http/HttpServletResponse;)V+0
j  jakarta.servlet.http.HttpServlet.service(Ljakarta/servlet/ServletRequest;Ljakarta/servlet/ServletResponse;)V+37
j  org.apache.jasper.servlet.JspServletWrapper.service(Ljakarta/servlet/http/HttpServletRequest;Ljakarta/servlet/http/HttpServletResponse;Z)V+372
j  org.apache.jasper.servlet.JspServlet.serviceJspFile(Ljakarta/servlet/http/HttpServletRequest;Ljakarta/servlet/http/HttpServletResponse;Ljava/lang/String;Z)V+112
j  org.apache.jasper.servlet.JspServlet.service(Ljakarta/servlet/http/HttpServletRequest;Ljakarta/servlet/http/HttpServletResponse;)V+230
j  jakarta.servlet.http.HttpServlet.service(Ljakarta/servlet/ServletRequest;Ljakarta/servlet/ServletResponse;)V+37
j  org.apache.catalina.core.ApplicationFilterChain.internalDoFilter(Ljakarta/servlet/ServletRequest;Ljakarta/servlet/ServletResponse;)V+305
j  org.apache.catalina.core.ApplicationFilterChain.doFilter(Ljakarta/servlet/ServletRequest;Ljakarta/servlet/ServletResponse;)V+99
j  org.apache.tomcat.websocket.server.WsFilter.doFilter(Ljakarta/servlet/ServletRequest;Ljakarta/servlet/ServletResponse;Ljakarta/servlet/FilterChain;)V+21
j  org.apache.catalina.core.ApplicationFilterChain.internalDoFilter(Ljakarta/servlet/ServletRequest;Ljakarta/servlet/ServletResponse;)V+135
j  org.apache.catalina.core.ApplicationFilterChain.doFilter(Ljakarta/servlet/ServletRequest;Ljakarta/servlet/ServletResponse;)V+99
j  org.springframework.web.filter.OncePerRequestFilter.doFilter(Ljakarta/servlet/ServletRequest;Ljakarta/servlet/ServletResponse;Ljakarta/servlet/FilterChain;)V+125
j  org.apache.catalina.core.ApplicationFilterChain.internalDoFilter(Ljakarta/servlet/ServletRequest;Ljakarta/servlet/ServletResponse;)V+135
j  org.apache.catalina.core.ApplicationFilterChain.doFilter(Ljakarta/servlet/ServletRequest;Ljakarta/servlet/ServletResponse;)V+99
j  org.springframework.web.filter.OncePerRequestFilter.doFilter(Ljakarta/servlet/ServletRequest;Ljakarta/servlet/ServletResponse;Ljakarta/servlet/FilterChain;)V+125
j  org.apache.catalina.core.ApplicationFilterChain.internalDoFilter(Ljakarta/servlet/ServletRequest;Ljakarta/servlet/ServletResponse;)V+135
j  org.apache.catalina.core.ApplicationFilterChain.doFilter(Ljakarta/servlet/ServletRequest;Ljakarta/servlet/ServletResponse;)V+99
j  org.springframework.web.filter.OncePerRequestFilter.doFilter(Ljakarta/servlet/ServletRequest;Ljakarta/servlet/ServletResponse;Ljakarta/servlet/FilterChain;)V+125
j  org.apache.catalina.core.ApplicationFilterChain.internalDoFilter(Ljakarta/servlet/ServletRequest;Ljakarta/servlet/ServletResponse;)V+135
j  org.apache.catalina.core.ApplicationFilterChain.doFilter(Ljakarta/servlet/ServletRequest;Ljakarta/servlet/ServletResponse;)V+99
j  org.apache.catalina.core.ApplicationDispatcher.invoke(Ljakarta/servlet/ServletRequest;Ljakarta/servlet/ServletResponse;Lorg/apache/catalina/core/ApplicationDispatcher$State;)V+347
j  org.apache.catalina.core.ApplicationDispatcher.processRequest(Ljakarta/servlet/ServletRequest;Ljakarta/servlet/ServletResponse;Lorg/apache/catalina/core/ApplicationDispatcher$State;)V+99
j  org.apache.catalina.core.ApplicationDispatcher.doForward(Ljakarta/servlet/ServletRequest;Ljakarta/servlet/ServletResponse;)V+363
j  org.apache.catalina.core.ApplicationDispatcher.forward(Ljakarta/servlet/ServletRequest;Ljakarta/servlet/ServletResponse;)V+55
j  org.springframework.web.servlet.view.InternalResourceView.renderMergedOutputModel(Ljava/util/Map;Ljakarta/servlet/http/HttpServletRequest;Ljakarta/servlet/http/HttpServletResponse;)V+145
j  org.springframework.web.servlet.view.AbstractView.render(Ljava/util/Map;Ljakarta/servlet/http/HttpServletRequest;Ljakarta/servlet/http/HttpServletResponse;)V+91
j  org.springframework.web.servlet.DispatcherServlet.render(Lorg/springframework/web/servlet/ModelAndView;Ljakarta/servlet/http/HttpServletRequest;Ljakarta/servlet/http/HttpServletResponse;)V+188
j  org.springframework.web.servlet.DispatcherServlet.processDispatchResult(Ljakarta/servlet/http/HttpServletRequest;Ljakarta/servlet/http/HttpServletResponse;Lorg/springframework/web/servlet/HandlerExecutionChain;Lorg/springframework/web/servlet/ModelAndView;Ljava/lang/Exception;)V+103
j  org.springframework.web.servlet.DispatcherServlet.doDispatch(Ljakarta/servlet/http/HttpServletRequest;Ljakarta/servlet/http/HttpServletResponse;)V+365
j  org.springframework.web.servlet.DispatcherServlet.doService(Ljakarta/servlet/http/HttpServletRequest;Ljakarta/servlet/http/HttpServletResponse;)V+242
j  org.springframework.web.servlet.FrameworkServlet.processRequest(Ljakarta/servlet/http/HttpServletRequest;Ljakarta/servlet/http/HttpServletResponse;)V+70
j  org.springframework.web.servlet.FrameworkServlet.doGet(Ljakarta/servlet/http/HttpServletRequest;Ljakarta/servlet/http/HttpServletResponse;)V+3
j  jakarta.servlet.http.HttpServlet.service(Ljakarta/servlet/http/HttpServletRequest;Ljakarta/servlet/http/HttpServletResponse;)V+35
j  org.springframework.web.servlet.FrameworkServlet.service(Ljakarta/servlet/http/HttpServletRequest;Ljakarta/servlet/http/HttpServletResponse;)V+20
j  jakarta.servlet.http.HttpServlet.service(Ljakarta/servlet/ServletRequest;Ljakarta/servlet/ServletResponse;)V+37
j  org.apache.catalina.core.ApplicationFilterChain.internalDoFilter(Ljakarta/servlet/ServletRequest;Ljakarta/servlet/ServletResponse;)V+305
j  org.apache.catalina.core.ApplicationFilterChain.doFilter(Ljakarta/servlet/ServletRequest;Ljakarta/servlet/ServletResponse;)V+99
j  org.apache.tomcat.websocket.server.WsFilter.doFilter(Ljakarta/servlet/ServletRequest;Ljakarta/servlet/ServletResponse;Ljakarta/servlet/FilterChain;)V+21
j  org.apache.catalina.core.ApplicationFilterChain.internalDoFilter(Ljakarta/servlet/ServletRequest;Ljakarta/servlet/ServletResponse;)V+135
j  org.apache.catalina.core.ApplicationFilterChain.doFilter(Ljakarta/servlet/ServletRequest;Ljakarta/servlet/ServletResponse;)V+99
j  org.springframework.web.filter.RequestContextFilter.doFilterInternal(Ljakarta/servlet/http/HttpServletRequest;Ljakarta/servlet/http/HttpServletResponse;Ljakarta/servlet/FilterChain;)V+21
j  org.springframework.web.filter.OncePerRequestFilter.doFilter(Ljakarta/servlet/ServletRequest;Ljakarta/servlet/ServletResponse;Ljakarta/servlet/FilterChain;)V+150
j  org.apache.catalina.core.ApplicationFilterChain.internalDoFilter(Ljakarta/servlet/ServletRequest;Ljakarta/servlet/ServletResponse;)V+135
j  org.apache.catalina.core.ApplicationFilterChain.doFilter(Ljakarta/servlet/ServletRequest;Ljakarta/servlet/ServletResponse;)V+99
j  org.springframework.web.filter.FormContentFilter.doFilterInternal(Ljakarta/servlet/http/HttpServletRequest;Ljakarta/servlet/http/HttpServletResponse;Ljakarta/servlet/FilterChain;)V+38
j  org.springframework.web.filter.OncePerRequestFilter.doFilter(Ljakarta/servlet/ServletRequest;Ljakarta/servlet/ServletResponse;Ljakarta/servlet/FilterChain;)V+150
j  org.apache.catalina.core.ApplicationFilterChain.internalDoFilter(Ljakarta/servlet/ServletRequest;Ljakarta/servlet/ServletResponse;)V+135
j  org.apache.catalina.core.ApplicationFilterChain.doFilter(Ljakarta/servlet/ServletRequest;Ljakarta/servlet/ServletResponse;)V+99
j  org.springframework.web.filter.CharacterEncodingFilter.doFilterInternal(Ljakarta/servlet/http/HttpServletRequest;Ljakarta/servlet/http/HttpServletResponse;Ljakarta/servlet/FilterChain;)V+53
j  org.springframework.web.filter.OncePerRequestFilter.doFilter(Ljakarta/servlet/ServletRequest;Ljakarta/servlet/ServletResponse;Ljakarta/servlet/FilterChain;)V+150
j  org.apache.catalina.core.ApplicationFilterChain.internalDoFilter(Ljakarta/servlet/ServletRequest;Ljakarta/servlet/ServletResponse;)V+135
j  org.apache.catalina.core.ApplicationFilterChain.doFilter(Ljakarta/servlet/ServletRequest;Ljakarta/servlet/ServletResponse;)V+99
j  org.apache.catalina.core.StandardWrapperValve.invoke(Lorg/apache/catalina/connector/Request;Lorg/apache/catalina/connector/Response;)V+514
j  org.apache.catalina.core.StandardContextValve.invoke(Lorg/apache/catalina/connector/Request;Lorg/apache/catalina/connector/Response;)V+169
j  org.apache.catalina.authenticator.AuthenticatorBase.invoke(Lorg/apache/catalina/connector/Request;Lorg/apache/catalina/connector/Response;)V+218
j  org.apache.catalina.core.StandardHostValve.invoke(Lorg/apache/catalina/connector/Request;Lorg/apache/catalina/connector/Response;)V+131
j  org.apache.catalina.valves.ErrorReportValve.invoke(Lorg/apache/catalina/connector/Request;Lorg/apache/catalina/connector/Response;)V+6
j  org.apache.catalina.core.StandardEngineValve.invoke(Lorg/apache/catalina/connector/Request;Lorg/apache/catalina/connector/Response;)V+59
j  org.apache.catalina.connector.CoyoteAdapter.service(Lorg/apache/coyote/Request;Lorg/apache/coyote/Response;)V+188
j  org.apache.coyote.http11.Http11Processor.service(Lorg/apache/tomcat/util/net/SocketWrapperBase;)Lorg/apache/tomcat/util/net/AbstractEndpoint$Handler$SocketState;+795
j  org.apache.coyote.AbstractProcessorLight.process(Lorg/apache/tomcat/util/net/SocketWrapperBase;Lorg/apache/tomcat/util/net/SocketEvent;)Lorg/apache/tomcat/util/net/AbstractEndpoint$Handler$SocketState;+152
j  org.apache.coyote.AbstractProtocol$ConnectionHandler.process(Lorg/apache/tomcat/util/net/SocketWrapperBase;Lorg/apache/tomcat/util/net/SocketEvent;)Lorg/apache/tomcat/util/net/AbstractEndpoint$Handler$SocketState;+482
j  org.apache.tomcat.util.net.NioEndpoint$SocketProcessor.doRun()V+249
j  org.apache.tomcat.util.net.SocketProcessorBase.run()V+32
j  org.apache.tomcat.util.threads.ThreadPoolExecutor.runWorker(Lorg/apache/tomcat/util/threads/ThreadPoolExecutor$Worker;)V+92
j  org.apache.tomcat.util.threads.ThreadPoolExecutor$Worker.run()V+5
j  org.apache.tomcat.util.threads.TaskThread$WrappingRunnable.run()V+4
j  java.lang.Thread.runWith(Ljava/lang/Object;Ljava/lang/Runnable;)V+5 java.base@21.0.7
j  java.lang.Thread.run()V+19 java.base@21.0.7
v  ~StubRoutines::call_stub 0x000002604a89100d

siginfo: EXCEPTION_ACCESS_VIOLATION (0xc0000005), reading address 0xffffffffffffffff


Registers:
RAX=0x00000089054fbcd8, RBX=0x00000260a05c1370, RCX=0x00000089054fbc50, RDX=0x00000089054fbc50
RSP=0x00000089054fbc80, RBP=0x00000089054fbcc9, RSI=0x000002609f290aa0, RDI=0x4030b29800000001
R8 =0x0000000000000000, R9 =0x000002609ac26588, R10=0x000002609e1816d0, R11=0x0000000000000000
R12=0x0000000000000000, R13=0x000002609ac272c9, R14=0x00000089054fbdf0, R15=0x000002609ac272c9
RIP=0x00007ffb7b95aedd, EFLAGS=0x0000000000010202

XMM[0]=0x0000000000000000 0x0000000000000000
XMM[1]=0x0000000000000000 0x0000000000000000
XMM[2]=0x0000000000000000 0x0000000000000000
XMM[3]=0x0000000000000000 0x0000000000000000
XMM[4]=0x0000000000000000 0x0000000000000000
XMM[5]=0x0000000000000000 0x0000000000000000
XMM[6]=0xc445c5b3253a5b26 0x4030b2987de9257b
XMM[7]=0x86b367815ac730ba 0xe4e9688ef057fdb4
XMM[8]=0x60100efc98acdd9c 0x428d19458260a59d
XMM[9]=0x302ae6d9302ae6d9 0x302ae6d98a1378ba
XMM[10]=0x0000000000000000 0x0000000059e891e1
XMM[11]=0xe7bccc41e7bccc41 0xe7bccc4171d044fb
XMM[12]=0x0000000000000000 0x000000008a1378ba
XMM[13]=0x0000000000000000 0x0000000000000000
XMM[14]=0x0000000000000000 0x0000000000000000
XMM[15]=0x0000000000000000 0x0000000000000000
  MXCSR=0x00001fa0


Register to memory mapping:

RAX=0x00000089054fbcd8 is pointing into the stack for thread: 0x000002609f290aa0
RBX=0x00000260a05c1370 points into unknown readable memory: 0x4030b29800000001 | 01 00 00 00 98 b2 30 40
RCX=0x00000089054fbc50 is pointing into the stack for thread: 0x000002609f290aa0
RDX=0x00000089054fbc50 is pointing into the stack for thread: 0x000002609f290aa0
RSP=0x00000089054fbc80 is pointing into the stack for thread: 0x000002609f290aa0
RBP=0x00000089054fbcc9 is pointing into the stack for thread: 0x000002609f290aa0
RSI=0x000002609f290aa0 is a thread
RDI=0x4030b29800000001 is an unknown value
R8 =0x0 is null
R9 =0x000002609ac26588 is pointing into metadata
R10=0x000002609e1816d0 points into unknown readable memory: 0x0000002000000006 | 06 00 00 00 20 00 00 00
R11=0x0 is null
R12=0x0 is null
R13=0x000002609ac272c9 is pointing into metadata
R14=0x00000089054fbdf0 is pointing into the stack for thread: 0x000002609f290aa0
R15=0x000002609ac272c9 is pointing into metadata

Top of Stack: (sp=0x00000089054fbc80)
0x00000089054fbc80:   00000260a05c1370 00000089054fbcc9
0x00000089054fbc90:   000002609f290aa0 0000002b00000002
0x00000089054fbca0:   000002609f290a0a 000000030000000c
0x00000089054fbcb0:   0000026058480090 0000000000000000
0x00000089054fbcc0:   00000000000000b6 00007ffb7b698eff
0x00000089054fbcd0:   000000008f177250 00000260a1383458
0x00000089054fbce0:   000002609dae6f58 0000026059406b90
0x00000089054fbcf0:   0000026059406b90 0000000000000000
0x00000089054fbd00:   0000000000000000 00000000000a0101
0x00000089054fbd10:   00000089054fbe20 00007ffb7b75dc75
0x00000089054fbd20:   00000260a0f4c900 000002609f290aa0
0x00000089054fbd30:   00000260a05c1370 00000000000000b6
0x00000089054fbd40:   00000000000000b6 000002609f290aa0
0x00000089054fbd50:   000002609ac272f8 000002609f290aa0
0x00000089054fbd60:   0000000000000000 0000000000000000
0x00000089054fbd70:   000002609ac26588 000002609f290aa0
0x00000089054fbd80:   000002609ac272c9 00000260000000b6
0x00000089054fbd90:   000002609ac272f8 0000000000000000
0x00000089054fbda0:   0000000000000000 00000089054fc0d0
0x00000089054fbdb0:   00000089054fc080 00000089054fc080
0x00000089054fbdc0:   000002604a8aa31d 000002604a898190
0x00000089054fbdd0:   0000000000000000 0000000000000000
0x00000089054fbde0:   00000089054fc0d0 00000089054fc080
0x00000089054fbdf0:   000002609a26d96b 0000000000000000
0x00000089054fbe00:   0000000000000000 0000000000000000
0x00000089054fbe10:   0000000000000000 000002609e11bcc8
0x00000089054fbe20:   0000000000000000 0000000000000000
0x00000089054fbe30:   000002609f290aa0 000002609ac272c9
0x00000089054fbe40:   00000089054fc0e8 000002609f290aa0
0x00000089054fbe50:   00000089054fc4d0 00000000000000b6
0x00000089054fbe60:   00000089054fbf70 00007ffb7b75d2ed
0x00000089054fbe70:   000002609ac26588 0000000000000000 

Instructions: (pc=0x00007ffb7b95aedd)
0x00007ffb7b95addd:   03 d1 ff e2 48 8b 5d 7f 48 8d 4d 0f 41 b9 b8 00
0x00007ffb7b95aded:   00 00 48 89 5c 24 20 45 8b c2 49 8b d3 e8 d1 cf
0x00007ffb7b95adfd:   ff ff 48 83 7b 08 00 0f 85 34 02 00 00 4c 8b cb
0x00007ffb7b95ae0d:   48 8d 55 0f 41 b0 01 49 8b ce e8 84 10 00 00 e9
0x00007ffb7b95ae1d:   1d 02 00 00 48 8b 7d 7f 48 8d 4d 0f 41 b9 b7 00
0x00007ffb7b95ae2d:   00 00 48 89 7c 24 20 45 8b c2 49 8b d3 e8 91 cf
0x00007ffb7b95ae3d:   ff ff 48 83 7f 08 00 0f 85 f4 01 00 00 48 8b d7
0x00007ffb7b95ae4d:   48 8d 4d 0f e8 6a df ff ff 48 83 7f 08 00 0f 85
0x00007ffb7b95ae5d:   dd 01 00 00 48 89 45 ff 48 89 7d 07 48 85 c0 74
0x00007ffb7b95ae6d:   14 48 8b 8f 28 03 00 00 48 8d 55 f7 48 89 45 f7
0x00007ffb7b95ae7d:   e8 de e9 a2 ff 4c 8b cb 48 89 7c 24 20 4c 8d 45
0x00007ffb7b95ae8d:   ff 49 8b ce 48 8d 55 0f e8 b6 19 00 00 e9 96 01
0x00007ffb7b95ae9d:   00 00 48 8b 75 7f 48 8d 4d 0f 41 b9 b6 00 00 00
0x00007ffb7b95aead:   48 89 74 24 20 45 8b c2 49 8b d3 e8 13 cf ff ff
0x00007ffb7b95aebd:   48 83 7e 08 00 0f 85 76 01 00 00 48 85 db 75 04
0x00007ffb7b95aecd:   33 ff eb 25 80 3d 17 76 65 00 00 48 8b 3b 74 15
0x00007ffb7b95aedd:   8b 7f 08 8b 0d d2 60 65 00 48 d3 e7 48 03 3d c0
0x00007ffb7b95aeed:   60 65 00 eb 04 48 8b 7f 08 48 8b d6 48 8d 4d 0f
0x00007ffb7b95aefd:   e8 1e e4 ff ff 48 83 7e 08 00 0f 85 31 01 00 00
0x00007ffb7b95af0d:   48 89 45 ff 48 89 75 07 48 85 c0 74 14 48 8b 8e
0x00007ffb7b95af1d:   28 03 00 00 48 8d 55 f7 48 89 45 f7 e8 32 e9 a2
0x00007ffb7b95af2d:   ff 4c 8b 45 1f 48 8d 55 ff 48 89 74 24 30 4c 8b
0x00007ffb7b95af3d:   cb c6 44 24 28 01 49 8b ce 48 89 7c 24 20 e8 a0
0x00007ffb7b95af4d:   1e 00 00 e9 e0 00 00 00 4c 8b 4d 7f 45 8b c2 49
0x00007ffb7b95af5d:   8b d3 49 8b ce e8 69 03 00 00 e9 db 00 00 00 4c
0x00007ffb7b95af6d:   8b 4d 7f 45 8b c2 49 8b d3 49 8b ce e8 42 01 00
0x00007ffb7b95af7d:   00 e9 c4 00 00 00 48 8b 75 7f 48 8d 4d 0f 41 b9
0x00007ffb7b95af8d:   b9 00 00 00 48 89 74 24 20 45 8b c2 49 8b d3 e8
0x00007ffb7b95af9d:   2f ce ff ff 48 83 7e 08 00 0f 85 92 00 00 00 48
0x00007ffb7b95afad:   85 db 75 04 33 ff eb 25 80 3d 33 75 65 00 00 48
0x00007ffb7b95afbd:   8b 3b 74 15 8b 7f 08 8b 0d ee 5f 65 00 48 d3 e7
0x00007ffb7b95afcd:   48 03 3d dc 5f 65 00 eb 04 48 8b 7f 08 4c 8b c6 


Stack slot to memory mapping:

stack at sp + 0 slots: 0x00000260a05c1370 points into unknown readable memory: 0x4030b29800000001 | 01 00 00 00 98 b2 30 40
stack at sp + 1 slots: 0x00000089054fbcc9 is pointing into the stack for thread: 0x000002609f290aa0
stack at sp + 2 slots: 0x000002609f290aa0 is a thread
stack at sp + 3 slots: 0x0000002b00000002 is an unknown value
stack at sp + 4 slots: 0x000002609f290a0a points into unknown readable memory: 00 00 00 02 01 0a
stack at sp + 5 slots: 0x000000030000000c is an unknown value
stack at sp + 6 slots: 0x0000026058480090 is pointing into metadata
stack at sp + 7 slots: 0x0 is null

invokevirtual  182 invokevirtual  [0x000002604a8aa2c0, 0x000002604a8aa790]  1232 bytes
[MachCode]
  0x000002604a8aa2c0: 4883 ec08 | c5fa 1104 | 24eb 1f48 | 83ec 10c5 | fb11 0424 | eb14 4883 | ec10 4889 | 0424 48c7 
  0x000002604a8aa2e0: 4424 0800 | 0000 00eb | 0150 4c89 | 6dc0 410f | b755 0148 | 8b4d d0c1 | e202 8b5c | d138 c1eb 
  0x000002604a8aa300: 1881 e3ff | 0000 0081 | fbb6 0000 | 000f 84b4 | 0000 00bb | b600 0000 | e805 0000 | 00e9 9900 
  0x000002604a8aa320: 0000 488b | d348 8d44 | 2408 4c89 | 6dc0 498b | cfc5 f877 | 4989 afa8 | 0300 0049 | 8987 9803 
  0x000002604a8aa340: 0000 4883 | ec20 40f6 | c40f 0f84 | 1900 0000 | 4883 ec08 | 48b8 80d2 | 757b fb7f | 0000 ffd0 
  0x000002604a8aa360: 4883 c408 | e90c 0000 | 0048 b880 | d275 7bfb | 7f00 00ff | d048 83c4 | 2049 c787 | 9803 0000 
  0x000002604a8aa380: 0000 0000 | 49c7 87a8 | 0300 0000 | 0000 0049 | c787 a003 | 0000 0000 | 0000 c5f8 | 7749 837f 
  0x000002604a8aa3a0: 0800 0f84 | 0500 0000 | e953 6bfe | ff4c 8b6d | c04c 8b75 | c84e 8d74 | f500 c341 | 0fb7 5501 
  0x000002604a8aa3c0: 488b 4dd0 | c1e2 0248 | 8b5c d148 | 8b54 d150 | 8bca 81e1 | ff00 0000 | 488b 4ccc | f844 8bea 
  0x000002604a8aa3e0: c1ea 1c49 | ba40 6104 | 7cfb 7f00 | 0049 8b14 | d252 418b | d54c 8b6d | c08b c225 | 0000 1000 
  0x000002604a8aa400: 0f84 7801 | 0000 483b | 0148 8b45 | d848 85c0 | 0f84 1200 | 0000 4883 | 4008 0148 | 8358 0800 
  0x000002604a8aa420: 4883 c038 | 4889 45d8 | 488b 45d8 | 4885 c00f | 843d 0100 | 0080 78c8 | 0b0f 8533 | 0100 0048 
  0x000002604a8aa440: 83c0 084c | 8b68 f841 | 83ed 0041 | 83fd 020f | 8c12 0100 | 004c 8b6b | 0845 0fb7 | 6d2e 4c2b 
  0x000002604a8aa460: 2841 83ed | 014e 8b6c | ec08 4d85 | ed75 0ef6 | 4008 0175 | 58f0 4883 | 4808 01eb | 5045 8b6d 
  0x000002604a8aa480: 0849 ba00 | 0000 5860 | 0200 004d | 03ea 4d8b | d54c 3368 | 0849 f7c5 | fcff ffff | 742f 41f6 
  0x000002604a8aa4a0: c502 7529 | 4883 7808 | 0074 1e48 | 8378 0801 | 7417 4d8b | ea4c 3368 | 0849 f7c5 | fcff ffff 
  0x000002604a8aa4c0: 740b 4883 | 4808 02eb | 044c 8968 | 0848 83c0 | 104c 8b68 | e841 83ed | 0241 83fd | 020f 8c84 
  0x000002604a8aa4e0: 0000 004c | 8b6b 0845 | 0fb7 6d2e | 4c2b 2841 | 83ed 014e | 8b6c ec08 | 4d85 ed75 | 0ef6 4008 
  0x000002604a8aa500: 0175 58f0 | 4883 4808 | 01eb 5045 | 8b6d 0849 | ba00 0000 | 5860 0200 | 004d 03ea | 4d8b d54c 
  0x000002604a8aa520: 3368 0849 | f7c5 fcff | ffff 742f | 41f6 c502 | 7529 4883 | 7808 0074 | 1e48 8378 | 0801 7417 
  0x000002604a8aa540: 4d8b ea4c | 3368 0849 | f7c5 fcff | ffff 740b | 4883 4808 | 02eb 044c | 8968 0848 | 83c0 104c 
  0x000002604a8aa560: 8b68 d841 | 83ed 0441 | c1e5 0349 | 03c5 4889 | 45d8 4c8d | 6c24 084c | 896d f0ff | 6350 8b41 
  0x000002604a8aa580: 0849 ba00 | 0000 5860 | 0200 0049 | 03c2 4c8b | 75d8 4d85 | f60f 8495 | 0000 0049 | 8b56 1848 
  0x000002604a8aa5a0: 3bd0 0f85 | 0f00 0000 | 4983 4620 | 0149 835e | 2000 e971 | 0000 0048 | 85d2 0f84 | 4200 0000 
  0x000002604a8aa5c0: 498b 5628 | 483b d00f | 850f 0000 | 0049 8346 | 3001 4983 | 5e30 00e9 | 4c00 0000 | 4885 d274 
  0x000002604a8aa5e0: 0f49 8346 | 0801 4983 | 5e08 00e9 | 3800 0000 | 4989 4628 | ba01 0000 | 0049 8956 | 30e9 2600 
  0x000002604a8aa600: 0000 493b | 4628 0f85 | 0f00 0000 | 4983 4630 | 0149 835e | 3000 e90d | 0000 0049 | 8946 18ba 
  0x000002604a8aa620: 0100 0000 | 4989 5620 | 4983 c638 | 4c89 75d8 | 488b 9cd8 | c001 0000 | 488b 55d8 | 4885 d20f 
  0x000002604a8aa640: 843d 0100 | 0080 7ac8 | 0b0f 8533 | 0100 0048 | 83c2 084c | 8b6a f841 | 83ed 0041 | 83fd 020f 
  0x000002604a8aa660: 8c12 0100 | 004c 8b6b | 0845 0fb7 | 6d2e 4c2b | 2a41 83ed | 014e 8b6c | ec08 4d85 | ed75 0ef6 
  0x000002604a8aa680: 4208 0175 | 58f0 4883 | 4a08 01eb | 5045 8b6d | 0849 ba00 | 0000 5860 | 0200 004d | 03ea 4d8b 
  0x000002604a8aa6a0: d54c 336a | 0849 f7c5 | fcff ffff | 742f 41f6 | c502 7529 | 4883 7a08 | 0074 1e48 | 837a 0801 
  0x000002604a8aa6c0: 7417 4d8b | ea4c 336a | 0849 f7c5 | fcff ffff | 740b 4883 | 4a08 02eb | 044c 896a | 0848 83c2 
  0x000002604a8aa6e0: 104c 8b6a | e841 83ed | 0241 83fd | 020f 8c84 | 0000 004c | 8b6b 0845 | 0fb7 6d2e | 4c2b 2a41 
  0x000002604a8aa700: 83ed 014e | 8b6c ec08 | 4d85 ed75 | 0ef6 4208 | 0175 58f0 | 4883 4a08 | 01eb 5045 | 8b6d 0849 
  0x000002604a8aa720: ba00 0000 | 5860 0200 | 004d 03ea | 4d8b d54c | 336a 0849 | f7c5 fcff | ffff 742f | 41f6 c502 
  0x000002604a8aa740: 7529 4883 | 7a08 0074 | 1e48 837a | 0801 7417 | 4d8b ea4c | 336a 0849 | f7c5 fcff | ffff 740b 
  0x000002604a8aa760: 4883 4a08 | 02eb 044c | 896a 0848 | 83c2 104c | 8b6a d841 | 83ed 0441 | c1e5 0349 | 03d5 4889 
  0x000002604a8aa780: 55d8 4c8d | 6c24 084c | 896d f0ff | 6350 6690 
[/MachCode]

---------------  P R O C E S S  ---------------

Threads class SMR info:
_java_thread_list=0x00000260a10ddd80, length=27, elements={
0x000002605761d130, 0x000002605761dd30, 0x0000026057622f40, 0x0000026057623fd0,
0x000002605762cd10, 0x0000026057630d90, 0x0000026057633fb0, 0x0000026057634d20,
0x00000260575e0880, 0x000002605796dc60, 0x000002609d1cb400, 0x00000260578afd80,
0x00000260a023a6c0, 0x00000260a0f63930, 0x000002609f290aa0, 0x000002609e691860,
0x00000260a0103960, 0x00000260a0104d10, 0x00000260a01053a0, 0x00000260a0102c40,
0x00000260a0105a30, 0x00000260a01060c0, 0x00000260a0d2cb40, 0x00000260a0d2f930,
0x00000260a0d2d860, 0x00000260a0d2def0, 0x00000260a0d2d1d0
}

Java Threads: ( => current thread )
  0x000002605761d130 JavaThread "Reference Handler"          daemon [_thread_blocked, id=24532, stack(0x0000008903c00000,0x0000008903d00000) (1024K)]
  0x000002605761dd30 JavaThread "Finalizer"                  daemon [_thread_blocked, id=14604, stack(0x0000008903d00000,0x0000008903e00000) (1024K)]
  0x0000026057622f40 JavaThread "Signal Dispatcher"          daemon [_thread_blocked, id=3728, stack(0x0000008903e00000,0x0000008903f00000) (1024K)]
  0x0000026057623fd0 JavaThread "Attach Listener"            daemon [_thread_blocked, id=12508, stack(0x0000008903f00000,0x0000008904000000) (1024K)]
  0x000002605762cd10 JavaThread "Service Thread"             daemon [_thread_blocked, id=8488, stack(0x0000008904000000,0x0000008904100000) (1024K)]
  0x0000026057630d90 JavaThread "Monitor Deflation Thread"   daemon [_thread_blocked, id=5000, stack(0x0000008904100000,0x0000008904200000) (1024K)]
  0x0000026057633fb0 JavaThread "C2 CompilerThread0"         daemon [_thread_in_native, id=5664, stack(0x0000008904200000,0x0000008904300000) (1024K)]
  0x0000026057634d20 JavaThread "C1 CompilerThread0"         daemon [_thread_blocked, id=15012, stack(0x0000008904300000,0x0000008904400000) (1024K)]
  0x00000260575e0880 JavaThread "Common-Cleaner"             daemon [_thread_blocked, id=7596, stack(0x0000008904400000,0x0000008904500000) (1024K)]
  0x000002605796dc60 JavaThread "Monitor Ctrl-Break"         daemon [_thread_in_native, id=20916, stack(0x0000008904600000,0x0000008904700000) (1024K)]
  0x000002609d1cb400 JavaThread "Notification Thread"        daemon [_thread_blocked, id=2916, stack(0x0000008904700000,0x0000008904800000) (1024K)]
  0x00000260578afd80 JavaThread "Catalina-utility-1"                [_thread_blocked, id=21608, stack(0x0000008905100000,0x0000008905200000) (1024K)]
  0x00000260a023a6c0 JavaThread "Catalina-utility-2"                [_thread_blocked, id=19028, stack(0x0000008905200000,0x0000008905300000) (1024K)]
  0x00000260a0f63930 JavaThread "container-0"                       [_thread_blocked, id=12384, stack(0x0000008905300000,0x0000008905400000) (1024K)]
=>0x000002609f290aa0 JavaThread "http-nio-8080-exec-1"       daemon [_thread_in_vm, id=6184, stack(0x0000008905400000,0x0000008905500000) (1024K)]
  0x000002609e691860 JavaThread "http-nio-8080-exec-2"       daemon [_thread_blocked, id=19512, stack(0x0000008905500000,0x0000008905600000) (1024K)]
  0x00000260a0103960 JavaThread "http-nio-8080-exec-3"       daemon [_thread_blocked, id=11040, stack(0x0000008905600000,0x0000008905700000) (1024K)]
  0x00000260a0104d10 JavaThread "http-nio-8080-exec-4"       daemon [_thread_blocked, id=23600, stack(0x0000008905700000,0x0000008905800000) (1024K)]
  0x00000260a01053a0 JavaThread "http-nio-8080-exec-5"       daemon [_thread_blocked, id=10924, stack(0x0000008905800000,0x0000008905900000) (1024K)]
  0x00000260a0102c40 JavaThread "http-nio-8080-exec-6"       daemon [_thread_blocked, id=5368, stack(0x0000008905900000,0x0000008905a00000) (1024K)]
  0x00000260a0105a30 JavaThread "http-nio-8080-exec-7"       daemon [_thread_blocked, id=3612, stack(0x0000008905a00000,0x0000008905b00000) (1024K)]
  0x00000260a01060c0 JavaThread "http-nio-8080-exec-8"       daemon [_thread_blocked, id=13828, stack(0x0000008905b00000,0x0000008905c00000) (1024K)]
  0x00000260a0d2cb40 JavaThread "http-nio-8080-exec-9"       daemon [_thread_blocked, id=21920, stack(0x0000008905c00000,0x0000008905d00000) (1024K)]
  0x00000260a0d2f930 JavaThread "http-nio-8080-exec-10"      daemon [_thread_blocked, id=23388, stack(0x0000008905d00000,0x0000008905e00000) (1024K)]
  0x00000260a0d2d860 JavaThread "http-nio-8080-Poller"       daemon [_thread_in_native, id=21464, stack(0x0000008905e00000,0x0000008905f00000) (1024K)]
  0x00000260a0d2def0 JavaThread "http-nio-8080-Acceptor"     daemon [_thread_in_native, id=24336, stack(0x0000008905f00000,0x0000008906000000) (1024K)]
  0x00000260a0d2d1d0 JavaThread "DestroyJavaVM"                     [_thread_blocked, id=14984, stack(0x0000008903400000,0x0000008903500000) (1024K)]
Total: 27

Other Threads:
  0x00000260575fd5c0 VMThread "VM Thread"                           [id=11208, stack(0x0000008903b00000,0x0000008903c00000) (1024K)]
  0x000002603a62e0b0 WatcherThread "VM Periodic Task Thread"        [id=15596, stack(0x0000008903a00000,0x0000008903b00000) (1024K)]
  0x000002603a45f4e0 WorkerThread "GC Thread#0"                     [id=10988, stack(0x0000008903500000,0x0000008903600000) (1024K)]
  0x000002609d71ea00 WorkerThread "GC Thread#1"                     [id=10064, stack(0x0000008904500000,0x0000008904600000) (1024K)]
  0x000002609dd03090 WorkerThread "GC Thread#2"                     [id=11940, stack(0x0000008904800000,0x0000008904900000) (1024K)]
  0x000002609d8f3ad0 WorkerThread "GC Thread#3"                     [id=17352, stack(0x0000008904900000,0x0000008904a00000) (1024K)]
  0x000002609d9b8980 WorkerThread "GC Thread#4"                     [id=14944, stack(0x0000008904a00000,0x0000008904b00000) (1024K)]
  0x000002609d9b7ea0 WorkerThread "GC Thread#5"                     [id=16928, stack(0x0000008904b00000,0x0000008904c00000) (1024K)]
  0x000002609d9b85e0 WorkerThread "GC Thread#6"                     [id=18096, stack(0x0000008904c00000,0x0000008904d00000) (1024K)]
  0x000002609d9b7020 WorkerThread "GC Thread#7"                     [id=23956, stack(0x0000008904d00000,0x0000008904e00000) (1024K)]
  0x000002603ad24fa0 ConcurrentGCThread "G1 Main Marker"            [id=21368, stack(0x0000008903600000,0x0000008903700000) (1024K)]
  0x000002603ad25750 WorkerThread "G1 Conc#0"                       [id=5004, stack(0x0000008903700000,0x0000008903800000) (1024K)]
  0x000002609e3f2680 WorkerThread "G1 Conc#1"                       [id=12832, stack(0x0000008904f00000,0x0000008905000000) (1024K)]
  0x000002603a4ee580 ConcurrentGCThread "G1 Refine#0"               [id=14936, stack(0x0000008903800000,0x0000008903900000) (1024K)]
  0x000002603a4fe390 ConcurrentGCThread "G1 Service"                [id=9740, stack(0x0000008903900000,0x0000008903a00000) (1024K)]
Total: 15

Threads with active compile tasks:
C2 CompilerThread0  9194 4576       4       jdk.internal.loader.URLClassPath::getResource (74 bytes)
Total: 1

VM state: not at safepoint (normal execution)

VM Mutex/Monitor currently owned by a thread: None

Heap address: 0x000000008ac00000, size: 1876 MB, Compressed Oops mode: 32-bit

CDS archive(s) mapped at: [0x0000026058000000-0x0000026058c80000-0x0000026058c80000), size 13107200, SharedBaseAddress: 0x0000026058000000, ArchiveRelocationMode: 1.
Compressed class space mapped at: 0x0000026059000000-0x0000026099000000, reserved size: 1073741824
Narrow klass base: 0x0000026058000000, Narrow klass shift: 0, Narrow klass range: 0x100000000

GC Precious Log:
 CardTable entry size: 512
 Card Set container configuration: InlinePtr #cards 5 size 8 Array Of Cards #cards 12 size 40 Howl #buckets 4 coarsen threshold 1843 Howl Bitmap #cards 512 size 80 coarsen threshold 460 Card regions per heap region 1 cards per card region 2048
 CPUs: 8 total, 8 available
 Memory: 7502M
 Large Page Support: Disabled
 NUMA Support: Disabled
 Compressed Oops: Enabled (32-bit)
 Heap Region Size: 1M
 Heap Min Capacity: 8M
 Heap Initial Capacity: 118M
 Heap Max Capacity: 1876M
 Pre-touch: Disabled
 Parallel Workers: 8
 Concurrent Workers: 2
 Concurrent Refinement Workers: 8
 Periodic GC: Disabled

Heap:
 garbage-first heap   total 40960K, used 22204K [0x000000008ac00000, 0x0000000100000000)
  region size 1024K, 7 young (7168K), 3 survivors (3072K)
 Metaspace       used 40379K, committed 40960K, reserved 1114112K
  class space    used 4562K, committed 4800K, reserved 1048576K

Heap Regions: E=young(eden), S=young(survivor), O=old, HS=humongous(starts), HC=humongous(continues), CS=collection set, F=free, TAMS=top-at-mark-start, PB=parsable bottom
|   0|0x000000008ac00000, 0x000000008ad00000, 0x000000008ad00000|100%| O|  |TAMS 0x000000008ac00000| PB 0x000000008ac00000| Untracked 
|   1|0x000000008ad00000, 0x000000008ae00000, 0x000000008ae00000|100%| O|  |TAMS 0x000000008ad00000| PB 0x000000008ad00000| Untracked 
|   2|0x000000008ae00000, 0x000000008af00000, 0x000000008af00000|100%| O|  |TAMS 0x000000008ae00000| PB 0x000000008ae00000| Untracked 
|   3|0x000000008af00000, 0x000000008b000000, 0x000000008b000000|100%| O|  |TAMS 0x000000008af00000| PB 0x000000008af00000| Untracked 
|   4|0x000000008b000000, 0x000000008b0fe6f8, 0x000000008b100000| 99%| O|  |TAMS 0x000000008b000000| PB 0x000000008b000000| Untracked 
|   5|0x000000008b100000, 0x000000008b200000, 0x000000008b200000|100%| O|  |TAMS 0x000000008b100000| PB 0x000000008b100000| Untracked 
|   6|0x000000008b200000, 0x000000008b300000, 0x000000008b300000|100%| O|  |TAMS 0x000000008b200000| PB 0x000000008b200000| Untracked 
|   7|0x000000008b300000, 0x000000008b400000, 0x000000008b400000|100%| O|  |TAMS 0x000000008b300000| PB 0x000000008b300000| Untracked 
|   8|0x000000008b400000, 0x000000008b500000, 0x000000008b500000|100%| O|  |TAMS 0x000000008b400000| PB 0x000000008b400000| Untracked 
|   9|0x000000008b500000, 0x000000008b600000, 0x000000008b600000|100%| O|  |TAMS 0x000000008b500000| PB 0x000000008b500000| Untracked 
|  10|0x000000008b600000, 0x000000008b700000, 0x000000008b700000|100%| O|  |TAMS 0x000000008b600000| PB 0x000000008b600000| Untracked 
|  11|0x000000008b700000, 0x000000008b800000, 0x000000008b800000|100%| O|  |TAMS 0x000000008b700000| PB 0x000000008b700000| Untracked 
|  12|0x000000008b800000, 0x000000008b900000, 0x000000008b900000|100%| O|  |TAMS 0x000000008b800000| PB 0x000000008b800000| Untracked 
|  13|0x000000008b900000, 0x000000008ba00000, 0x000000008ba00000|100%| O|Cm|TAMS 0x000000008b900000| PB 0x000000008b900000| Complete 
|  14|0x000000008ba00000, 0x000000008bb00000, 0x000000008bb00000|100%| O|  |TAMS 0x000000008ba00000| PB 0x000000008ba00000| Untracked 
|  15|0x000000008bb00000, 0x000000008bba2118, 0x000000008bc00000| 63%| O|  |TAMS 0x000000008bb00000| PB 0x000000008bb00000| Untracked 
|  16|0x000000008bc00000, 0x000000008bd00000, 0x000000008bd00000|100%| O|  |TAMS 0x000000008bc00000| PB 0x000000008bc00000| Untracked 
|  17|0x000000008bd00000, 0x000000008bd00000, 0x000000008be00000|  0%| F|  |TAMS 0x000000008bd00000| PB 0x000000008bd00000| Untracked 
|  18|0x000000008be00000, 0x000000008be00000, 0x000000008bf00000|  0%| F|  |TAMS 0x000000008be00000| PB 0x000000008be00000| Untracked 
|  19|0x000000008bf00000, 0x000000008bf0eb20, 0x000000008c000000|  5%| S|CS|TAMS 0x000000008bf00000| PB 0x000000008bf00000| Complete 
|  20|0x000000008c000000, 0x000000008c100000, 0x000000008c100000|100%| S|CS|TAMS 0x000000008c000000| PB 0x000000008c000000| Complete 
|  21|0x000000008c100000, 0x000000008c200000, 0x000000008c200000|100%| S|CS|TAMS 0x000000008c100000| PB 0x000000008c100000| Complete 
|  22|0x000000008c200000, 0x000000008c200000, 0x000000008c300000|  0%| F|  |TAMS 0x000000008c200000| PB 0x000000008c200000| Untracked 
|  23|0x000000008c300000, 0x000000008c300000, 0x000000008c400000|  0%| F|  |TAMS 0x000000008c300000| PB 0x000000008c300000| Untracked 
|  24|0x000000008c400000, 0x000000008c400000, 0x000000008c500000|  0%| F|  |TAMS 0x000000008c400000| PB 0x000000008c400000| Untracked 
|  25|0x000000008c500000, 0x000000008c500000, 0x000000008c600000|  0%| F|  |TAMS 0x000000008c500000| PB 0x000000008c500000| Untracked 
|  26|0x000000008c600000, 0x000000008c600000, 0x000000008c700000|  0%| F|  |TAMS 0x000000008c600000| PB 0x000000008c600000| Untracked 
|  27|0x000000008c700000, 0x000000008c700000, 0x000000008c800000|  0%| F|  |TAMS 0x000000008c700000| PB 0x000000008c700000| Untracked 
|  28|0x000000008c800000, 0x000000008c800000, 0x000000008c900000|  0%| F|  |TAMS 0x000000008c800000| PB 0x000000008c800000| Untracked 
|  29|0x000000008c900000, 0x000000008c900000, 0x000000008ca00000|  0%| F|  |TAMS 0x000000008c900000| PB 0x000000008c900000| Untracked 
|  30|0x000000008ca00000, 0x000000008ca00000, 0x000000008cb00000|  0%| F|  |TAMS 0x000000008ca00000| PB 0x000000008ca00000| Untracked 
|  31|0x000000008cb00000, 0x000000008cb00000, 0x000000008cc00000|  0%| F|  |TAMS 0x000000008cb00000| PB 0x000000008cb00000| Untracked 
|  65|0x000000008ed00000, 0x000000008ed00000, 0x000000008ee00000|  0%| F|  |TAMS 0x000000008ed00000| PB 0x000000008ed00000| Untracked 
|  66|0x000000008ee00000, 0x000000008ee00000, 0x000000008ef00000|  0%| F|  |TAMS 0x000000008ee00000| PB 0x000000008ee00000| Untracked 
|  67|0x000000008ef00000, 0x000000008ef00000, 0x000000008f000000|  0%| F|  |TAMS 0x000000008ef00000| PB 0x000000008ef00000| Untracked 
|  68|0x000000008f000000, 0x000000008f000000, 0x000000008f100000|  0%| F|  |TAMS 0x000000008f000000| PB 0x000000008f000000| Untracked 
|  69|0x000000008f100000, 0x000000008f1b18c0, 0x000000008f200000| 69%| E|  |TAMS 0x000000008f100000| PB 0x000000008f100000| Complete 
|  70|0x000000008f200000, 0x000000008f300000, 0x000000008f300000|100%| E|CS|TAMS 0x000000008f200000| PB 0x000000008f200000| Complete 
|  71|0x000000008f300000, 0x000000008f400000, 0x000000008f400000|100%| E|CS|TAMS 0x000000008f300000| PB 0x000000008f300000| Complete 
| 117|0x0000000092100000, 0x0000000092200000, 0x0000000092200000|100%| E|CS|TAMS 0x0000000092100000| PB 0x0000000092100000| Complete 

Card table byte_map: [0x0000026052c60000,0x0000026053010000] _byte_map_base: 0x000002605280a000

Marking Bits: (CMBitMap*) 0x000002603ad15e80
 Bits: [0x0000026053010000, 0x0000026054d60000)

Polling page: 0x0000026038cc0000

Metaspace:

Usage:
  Non-class:     34.98 MB used.
      Class:      4.46 MB used.
       Both:     39.43 MB used.

Virtual space:
  Non-class space:       64.00 MB reserved,      35.31 MB ( 55%) committed,  1 nodes.
      Class space:        1.00 GB reserved,       4.69 MB ( <1%) committed,  1 nodes.
             Both:        1.06 GB reserved,      40.00 MB (  4%) committed. 

Chunk freelists:
   Non-Class:  12.17 MB
       Class:  11.13 MB
        Both:  23.29 MB

MaxMetaspaceSize: unlimited
CompressedClassSpaceSize: 1.00 GB
Initial GC threshold: 21.00 MB
Current GC threshold: 59.19 MB
CDS: on
 - commit_granule_bytes: 65536.
 - commit_granule_words: 8192.
 - virtual_space_node_default_size: 8388608.
 - enlarge_chunks_in_place: 1.
 - use_allocation_guard: 0.


Internal statistics:

num_allocs_failed_limit: 6.
num_arena_births: 770.
num_arena_deaths: 0.
num_vsnodes_births: 2.
num_vsnodes_deaths: 0.
num_space_committed: 640.
num_space_uncommitted: 0.
num_chunks_returned_to_freelist: 6.
num_chunks_taken_from_freelist: 2119.
num_chunk_merges: 6.
num_chunk_splits: 1465.
num_chunks_enlarged: 1065.
num_inconsistent_stats: 0.

CodeHeap 'non-profiled nmethods': size=120000Kb used=2694Kb max_used=2834Kb free=117305Kb
 bounds [0x000002604ae30000, 0x000002604b100000, 0x0000026052360000]
CodeHeap 'profiled nmethods': size=120000Kb used=8838Kb max_used=8838Kb free=111161Kb
 bounds [0x0000026043360000, 0x0000026043c80000, 0x000002604a890000]
CodeHeap 'non-nmethods': size=5760Kb used=1557Kb max_used=1587Kb free=4202Kb
 bounds [0x000002604a890000, 0x000002604ab00000, 0x000002604ae30000]
 total_blobs=4736 nmethods=4119 adapters=521
 compilation: enabled
              stopped_count=0, restarted_count=0
 full_count=0

Compilation events (20 events):
Event: 9.029 Thread 0x0000026057634d20 4567       3       org.eclipse.jdt.internal.compiler.codegen.VerificationTypeInfo::<init> (131 bytes)
Event: 9.030 Thread 0x0000026057634d20 nmethod 4567 0x000002604339af10 code [0x000002604339b100, 0x000002604339b590]
Event: 9.033 Thread 0x0000026057634d20 4569       3       java.lang.invoke.LambdaFormBuffer::insertExpression (30 bytes)
Event: 9.033 Thread 0x0000026057634d20 nmethod 4569 0x00000260435e6b10 code [0x00000260435e6cc0, 0x00000260435e6e38]
Event: 9.034 Thread 0x0000026057634d20 4572       3       java.lang.invoke.LambdaFormBuffer::indexOf (25 bytes)
Event: 9.034 Thread 0x0000026057634d20 nmethod 4572 0x00000260435e6690 code [0x00000260435e6840, 0x00000260435e6a40]
Event: 9.038 Thread 0x0000026057634d20 4573       3       org.apache.jasper.compiler.SmapUtil$SDEInstaller::readU1 (21 bytes)
Event: 9.038 Thread 0x0000026057634d20 nmethod 4573 0x00000260435e6290 code [0x00000260435e6440, 0x00000260435e6588]
Event: 9.038 Thread 0x0000026057634d20 4575       3       org.apache.jasper.compiler.SmapUtil$SDEInstaller::readBytes (38 bytes)
Event: 9.039 Thread 0x0000026057634d20 nmethod 4575 0x00000260435e5d10 code [0x00000260435e5ec0, 0x00000260435e6160]
Event: 9.039 Thread 0x0000026057634d20 4574       3       org.apache.jasper.compiler.SmapUtil$SDEInstaller::writeU1 (19 bytes)
Event: 9.039 Thread 0x0000026057634d20 nmethod 4574 0x00000260435e5810 code [0x00000260435e59c0, 0x00000260435e5b08]
Event: 9.039 Thread 0x0000026057633fb0 nmethod 4559 0x000002604ae6b490 code [0x000002604ae6b680, 0x000002604ae6c528]
Event: 9.039 Thread 0x0000026057633fb0 4566       4       java.util.HashMap::<init> (11 bytes)
Event: 9.039 Thread 0x0000026057633fb0 nmethod 4566 0x000002604ae40310 code [0x000002604ae404a0, 0x000002604ae40530]
Event: 9.039 Thread 0x0000026057633fb0 4560       4       org.eclipse.jdt.core.compiler.CharOperation::equals (6 bytes)
Event: 9.040 Thread 0x0000026057633fb0 nmethod 4560 0x000002604ae40010 code [0x000002604ae40180, 0x000002604ae402c0]
Event: 9.047 Thread 0x0000026057633fb0 4576       4       jdk.internal.loader.URLClassPath::getResource (74 bytes)
Event: 9.053 Thread 0x0000026057634d20 4577       3       org.apache.catalina.core.DefaultInstanceManager::findLifecycleCallback (112 bytes)
Event: 9.054 Thread 0x0000026057634d20 nmethod 4577 0x00000260438e8490 code [0x00000260438e87e0, 0x00000260438e9bc8]

GC Heap History (16 events):
Event: 2.125 GC heap before
{Heap before GC invocations=0 (full 0):
 garbage-first heap   total 120832K, used 23552K [0x000000008ac00000, 0x0000000100000000)
  region size 1024K, 23 young (23552K), 0 survivors (0K)
 Metaspace       used 6709K, committed 6912K, reserved 1114112K
  class space    used 736K, committed 832K, reserved 1048576K
}
Event: 2.143 GC heap after
{Heap after GC invocations=1 (full 0):
 garbage-first heap   total 120832K, used 4864K [0x000000008ac00000, 0x0000000100000000)
  region size 1024K, 3 young (3072K), 3 survivors (3072K)
 Metaspace       used 6709K, committed 6912K, reserved 1114112K
  class space    used 736K, committed 832K, reserved 1048576K
}
Event: 3.125 GC heap before
{Heap before GC invocations=1 (full 0):
 garbage-first heap   total 120832K, used 33536K [0x000000008ac00000, 0x0000000100000000)
  region size 1024K, 32 young (32768K), 3 survivors (3072K)
 Metaspace       used 13676K, committed 13952K, reserved 1114112K
  class space    used 1586K, committed 1664K, reserved 1048576K
}
Event: 3.134 GC heap after
{Heap after GC invocations=2 (full 0):
 garbage-first heap   total 120832K, used 7561K [0x000000008ac00000, 0x0000000100000000)
  region size 1024K, 3 young (3072K), 3 survivors (3072K)
 Metaspace       used 13676K, committed 13952K, reserved 1114112K
  class space    used 1586K, committed 1664K, reserved 1048576K
}
Event: 4.919 GC heap before
{Heap before GC invocations=2 (full 0):
 garbage-first heap   total 120832K, used 49545K [0x000000008ac00000, 0x0000000100000000)
  region size 1024K, 46 young (47104K), 3 survivors (3072K)
 Metaspace       used 21162K, committed 21504K, reserved 1114112K
  class space    used 2537K, committed 2688K, reserved 1048576K
}
Event: 4.929 GC heap after
{Heap after GC invocations=3 (full 0):
 garbage-first heap   total 120832K, used 11551K [0x000000008ac00000, 0x0000000100000000)
  region size 1024K, 7 young (7168K), 7 survivors (7168K)
 Metaspace       used 21162K, committed 21504K, reserved 1114112K
  class space    used 2537K, committed 2688K, reserved 1048576K
}
Event: 5.947 GC heap before
{Heap before GC invocations=4 (full 0):
 garbage-first heap   total 40960K, used 28959K [0x000000008ac00000, 0x0000000100000000)
  region size 1024K, 24 young (24576K), 7 survivors (7168K)
 Metaspace       used 25194K, committed 25664K, reserved 1114112K
  class space    used 3048K, committed 3264K, reserved 1048576K
}
Event: 5.965 GC heap after
{Heap after GC invocations=5 (full 0):
 garbage-first heap   total 40960K, used 13389K [0x000000008ac00000, 0x0000000100000000)
  region size 1024K, 3 young (3072K), 3 survivors (3072K)
 Metaspace       used 25194K, committed 25664K, reserved 1114112K
  class space    used 3048K, committed 3264K, reserved 1048576K
}
Event: 6.816 GC heap before
{Heap before GC invocations=5 (full 0):
 garbage-first heap   total 40960K, used 31821K [0x000000008ac00000, 0x0000000100000000)
  region size 1024K, 21 young (21504K), 3 survivors (3072K)
 Metaspace       used 28687K, committed 29248K, reserved 1114112K
  class space    used 3474K, committed 3712K, reserved 1048576K
}
Event: 6.822 GC heap after
{Heap after GC invocations=6 (full 0):
 garbage-first heap   total 40960K, used 15127K [0x000000008ac00000, 0x0000000100000000)
  region size 1024K, 3 young (3072K), 3 survivors (3072K)
 Metaspace       used 28687K, committed 29248K, reserved 1114112K
  class space    used 3474K, committed 3712K, reserved 1048576K
}
Event: 7.897 GC heap before
{Heap before GC invocations=6 (full 0):
 garbage-first heap   total 40960K, used 32535K [0x000000008ac00000, 0x0000000100000000)
  region size 1024K, 20 young (20480K), 3 survivors (3072K)
 Metaspace       used 33192K, committed 33856K, reserved 1114112K
  class space    used 3980K, committed 4288K, reserved 1048576K
}
Event: 7.904 GC heap after
{Heap after GC invocations=7 (full 0):
 garbage-first heap   total 40960K, used 17114K [0x000000008ac00000, 0x0000000100000000)
  region size 1024K, 3 young (3072K), 3 survivors (3072K)
 Metaspace       used 33192K, committed 33856K, reserved 1114112K
  class space    used 3980K, committed 4288K, reserved 1048576K
}
Event: 8.313 GC heap before
{Heap before GC invocations=7 (full 0):
 garbage-first heap   total 40960K, used 28378K [0x000000008ac00000, 0x0000000100000000)
  region size 1024K, 16 young (16384K), 3 survivors (3072K)
 Metaspace       used 35576K, committed 36160K, reserved 1114112K
  class space    used 4152K, committed 4416K, reserved 1048576K
}
Event: 8.316 GC heap after
{Heap after GC invocations=8 (full 0):
 garbage-first heap   total 40960K, used 18097K [0x000000008ac00000, 0x0000000100000000)
  region size 1024K, 2 young (2048K), 2 survivors (2048K)
 Metaspace       used 35576K, committed 36160K, reserved 1114112K
  class space    used 4152K, committed 4416K, reserved 1048576K
}
Event: 8.910 GC heap before
{Heap before GC invocations=9 (full 0):
 garbage-first heap   total 40960K, used 33457K [0x000000008ac00000, 0x0000000100000000)
  region size 1024K, 18 young (18432K), 2 survivors (2048K)
 Metaspace       used 39590K, committed 40128K, reserved 1114112K
  class space    used 4495K, committed 4736K, reserved 1048576K
}
Event: 8.914 GC heap after
{Heap after GC invocations=10 (full 0):
 garbage-first heap   total 40960K, used 19132K [0x000000008ac00000, 0x0000000100000000)
  region size 1024K, 3 young (3072K), 3 survivors (3072K)
 Metaspace       used 39590K, committed 40128K, reserved 1114112K
  class space    used 4495K, committed 4736K, reserved 1048576K
}

Dll operation events (13 events):
Event: 0.129 Loaded shared library C:\Users\ishap\.jdks\ms-21.0.7\bin\java.dll
Event: 0.236 Loaded shared library C:\Users\ishap\.jdks\ms-21.0.7\bin\jsvml.dll
Event: 0.411 Loaded shared library C:\Users\ishap\.jdks\ms-21.0.7\bin\zip.dll
Event: 0.423 Loaded shared library C:\Users\ishap\.jdks\ms-21.0.7\bin\instrument.dll
Event: 0.438 Loaded shared library C:\Users\ishap\.jdks\ms-21.0.7\bin\net.dll
Event: 0.443 Loaded shared library C:\Users\ishap\.jdks\ms-21.0.7\bin\nio.dll
Event: 0.453 Loaded shared library C:\Users\ishap\.jdks\ms-21.0.7\bin\zip.dll
Event: 0.608 Loaded shared library C:\Program Files\JetBrains\IntelliJ IDEA Community Edition 2023.2.1\bin\breakgen64.dll
Event: 0.624 Loaded shared library C:\Users\ishap\.jdks\ms-21.0.7\bin\jimage.dll
Event: 0.636 Loaded shared library C:\Users\ishap\.jdks\ms-21.0.7\bin\extnet.dll
Event: 3.409 Loaded shared library C:\Users\ishap\.jdks\ms-21.0.7\bin\sunmscapi.dll
Event: 5.770 Loaded shared library C:\Users\ishap\.jdks\ms-21.0.7\bin\management.dll
Event: 5.776 Loaded shared library C:\Users\ishap\.jdks\ms-21.0.7\bin\management_ext.dll

Deoptimization events (20 events):
Event: 8.886 Thread 0x000002609f290aa0 Uncommon trap: trap_request=0xffffff45 fr.pc=0x000002604af374ac relative=0x000000000000034c
Event: 8.886 Thread 0x000002609f290aa0 Uncommon trap: reason=unstable_if action=reinterpret pc=0x000002604af374ac method=java.util.HashMap.getNode(Ljava/lang/Object;)Ljava/util/HashMap$Node; @ 66 c2
Event: 8.886 Thread 0x000002609f290aa0 DEOPT PACKING pc=0x000002604af374ac sp=0x00000089054fb640
Event: 8.886 Thread 0x000002609f290aa0 DEOPT UNPACKING pc=0x000002604a8e46a2 sp=0x00000089054fb5e0 mode 2
Event: 8.886 Thread 0x000002609f290aa0 Uncommon trap: trap_request=0xffffff45 fr.pc=0x000002604af4d8c4 relative=0x0000000000000a24
Event: 8.886 Thread 0x000002609f290aa0 Uncommon trap: reason=unstable_if action=reinterpret pc=0x000002604af4d8c4 method=java.util.HashMap.putVal(ILjava/lang/Object;Ljava/lang/Object;ZZ)Ljava/lang/Object; @ 94 c2
Event: 8.886 Thread 0x000002609f290aa0 DEOPT PACKING pc=0x000002604af4d8c4 sp=0x00000089054fb650
Event: 8.886 Thread 0x000002609f290aa0 DEOPT UNPACKING pc=0x000002604a8e46a2 sp=0x00000089054fb5b0 mode 2
Event: 8.898 Thread 0x000002609f290aa0 Uncommon trap: trap_request=0xffffff45 fr.pc=0x000002604af17b74 relative=0x00000000000001d4
Event: 8.898 Thread 0x000002609f290aa0 Uncommon trap: reason=unstable_if action=reinterpret pc=0x000002604af17b74 method=jdk.internal.util.ArraysSupport.mismatch([C[CI)I @ 59 c2
Event: 8.898 Thread 0x000002609f290aa0 DEOPT PACKING pc=0x000002604af17b74 sp=0x00000089054fbb70
Event: 8.898 Thread 0x000002609f290aa0 DEOPT UNPACKING pc=0x000002604a8e46a2 sp=0x00000089054fbab8 mode 2
Event: 9.000 Thread 0x000002609f290aa0 Uncommon trap: trap_request=0xffffff45 fr.pc=0x000002604b056760 relative=0x00000000000007e0
Event: 9.000 Thread 0x000002609f290aa0 Uncommon trap: reason=unstable_if action=reinterpret pc=0x000002604b056760 method=java.util.HashMap$HashIterator.<init>(Ljava/util/HashMap;)V @ 45 c2
Event: 9.000 Thread 0x000002609f290aa0 DEOPT PACKING pc=0x000002604b056760 sp=0x00000089054fbf60
Event: 9.000 Thread 0x000002609f290aa0 DEOPT UNPACKING pc=0x000002604a8e46a2 sp=0x00000089054fbe10 mode 2
Event: 9.043 Thread 0x000002609f290aa0 Uncommon trap: trap_request=0xffffff54 fr.pc=0x000002604af040d8 relative=0x0000000000001b78
Event: 9.043 Thread 0x000002609f290aa0 Uncommon trap: reason=speculate_null_assert action=make_not_entrant pc=0x000002604af040d8 method=jdk.internal.loader.URLClassPath.getLoader(I)Ljdk/internal/loader/URLClassPath$Loader; @ 41 c2
Event: 9.043 Thread 0x000002609f290aa0 DEOPT PACKING pc=0x000002604af040d8 sp=0x00000089054fc8e0
Event: 9.043 Thread 0x000002609f290aa0 DEOPT UNPACKING pc=0x000002604a8e46a2 sp=0x00000089054fc8c0 mode 2

Classes loaded (20 events):
Event: 8.785 Loading class java/util/AbstractMap$SimpleEntry
Event: 8.785 Loading class java/util/AbstractMap$SimpleEntry done
Event: 8.792 Loading class java/text/MessageFormat$Field
Event: 8.792 Loading class java/text/MessageFormat$Field done
Event: 8.820 Loading class java/util/stream/ReferencePipeline$4
Event: 8.821 Loading class java/util/stream/IntPipeline$StatelessOp
Event: 8.821 Loading class java/util/stream/IntPipeline$StatelessOp done
Event: 8.821 Loading class java/util/stream/ReferencePipeline$4 done
Event: 8.821 Loading class java/util/stream/Nodes$IntFixedNodeBuilder
Event: 8.822 Loading class java/util/stream/Node$Builder$OfInt
Event: 8.822 Loading class java/util/stream/Node$Builder$OfInt done
Event: 8.822 Loading class java/util/stream/Nodes$IntArrayNode
Event: 8.822 Loading class java/util/stream/Nodes$IntArrayNode done
Event: 8.822 Loading class java/util/stream/Nodes$IntFixedNodeBuilder done
Event: 8.823 Loading class java/util/stream/ReferencePipeline$4$1
Event: 8.823 Loading class java/util/stream/ReferencePipeline$4$1 done
Event: 9.028 Loading class java/util/Hashtable$ValueCollection
Event: 9.028 Loading class java/util/Hashtable$ValueCollection done
Event: 9.043 Loading class java/net/URLClassLoader$1
Event: 9.043 Loading class java/net/URLClassLoader$1 done

Classes unloaded (0 events):
No events

Classes redefined (0 events):
No events

Internal exceptions (20 events):
Event: 5.617 Thread 0x00000260381ed120 Exception <a 'java/lang/NoSuchMethodError'{0x000000008c0bb030}: 'int java.lang.invoke.DelegatingMethodHandle$Holder.reinvoke_L(java.lang.Object, java.lang.Object, java.lang.Object, java.lang.Object)'> (0x000000008c0bb030) 
thrown [s\src\hotspot\share\interpreter\linkResolver.cpp, line 773]
Event: 5.796 Thread 0x00000260381ed120 Exception <a 'java/io/FileNotFoundException'{0x000000008bee0238}> (0x000000008bee0238) 
thrown [s\src\hotspot\share\prims\jni.cpp, line 520]
Event: 6.018 Thread 0x00000260381ed120 Implicit null exception at 0x000002604b032279 to 0x000002604b032f60
Event: 6.150 Thread 0x00000260381ed120 Exception <a 'java/lang/NoSuchMethodError'{0x000000008f239960}: 'void java.lang.invoke.DirectMethodHandle$Holder.invokeVirtual(java.lang.Object, java.lang.Object, java.lang.Object, java.lang.Object, java.lang.Object)'> (0x000000008f239960) 
thrown [s\src\hotspot\share\interpreter\linkResolver.cpp, line 773]
Event: 6.243 Thread 0x00000260381ed120 Exception <a 'java/lang/NoSuchMethodError'{0x000000008f0fa708}: 'int java.lang.invoke.DirectMethodHandle$Holder.invokeInterface(java.lang.Object, java.lang.Object, java.lang.Object, java.lang.Object)'> (0x000000008f0fa708) 
thrown [s\src\hotspot\share\interpreter\linkResolver.cpp, line 773]
Event: 6.325 Thread 0x00000260381ed120 Exception <a 'java/lang/NoSuchMethodError'{0x000000008eec0170}: 'long java.lang.invoke.DirectMethodHandle$Holder.invokeVirtual(java.lang.Object, java.lang.Object)'> (0x000000008eec0170) 
thrown [s\src\hotspot\share\interpreter\linkResolver.cpp, line 773]
Event: 6.364 Thread 0x00000260381ed120 Exception <a 'java/lang/NoSuchMethodError'{0x000000008edae4e8}: 'void java.lang.invoke.Invokers$Holder.invokeExact_MT(java.lang.Object, java.lang.Object, java.lang.Object, java.lang.Object)'> (0x000000008edae4e8) 
thrown [s\src\hotspot\share\interpreter\linkResolver.cpp, line 773]
Event: 6.459 Thread 0x00000260381ed120 Exception <a 'java/lang/NoSuchMethodError'{0x000000008ca79f38}: 'java.lang.Object java.lang.invoke.DirectMethodHandle$Holder.newInvokeSpecial(java.lang.Object, java.lang.Object, java.lang.Object, java.lang.Object, java.lang.Object, java.lang.Object)'> (0x000000008ca79f38) 
thrown [s\src\hotspot\share\interpreter\linkResolver.cpp, line 773]
Event: 6.476 Thread 0x00000260381ed120 Exception <a 'java/lang/NoSuchMethodError'{0x000000008cad6c20}: 'java.lang.Object java.lang.invoke.DirectMethodHandle$Holder.newInvokeSpecial(java.lang.Object, java.lang.Object, java.lang.Object, java.lang.Object, java.lang.Object, java.lang.Object, java.lang.Object, java.lang.Object)'> (0x000000008cad6c20) 
thrown [s\src\hotspot\share\interpreter\linkResolver.cpp, line 773]
Event: 6.774 Thread 0x00000260381ed120 Exception <a 'java/lang/IncompatibleClassChangeError'{0x000000008c3d8dd0}: Found class java.lang.Object, but interface was expected> (0x000000008c3d8dd0) 
thrown [s\src\hotspot\share\interpreter\linkResolver.cpp, line 840]
Event: 6.823 Thread 0x00000260381ed120 Exception <a 'java/lang/NoSuchMethodError'{0x00000000921066b8}: 'void java.lang.invoke.DirectMethodHandle$Holder.invokeVirtual(java.lang.Object, java.lang.Object, long)'> (0x00000000921066b8) 
thrown [s\src\hotspot\share\interpreter\linkResolver.cpp, line 773]
Event: 6.953 Thread 0x00000260381ed120 Exception <a 'java/lang/NoSuchMethodError'{0x000000008f152fb8}: 'int java.lang.invoke.DirectMethodHandle$Holder.invokeStaticInit(java.lang.Object, java.lang.Object, java.lang.Object, java.lang.Object)'> (0x000000008f152fb8) 
thrown [s\src\hotspot\share\interpreter\linkResolver.cpp, line 773]
Event: 7.049 Thread 0x00000260381ed120 Exception <a 'java/lang/NoSuchMethodError'{0x000000008ef17760}: 'java.lang.Object java.lang.invoke.DirectMethodHandle$Holder.newInvokeSpecial(java.lang.Object, java.lang.Object, int, java.lang.Object, java.lang.Object)'> (0x000000008ef17760) 
thrown [s\src\hotspot\share\interpreter\linkResolver.cpp, line 773]
Event: 7.051 Thread 0x00000260381ed120 Exception <a 'java/lang/NoSuchMethodError'{0x000000008ef22990}: 'java.lang.Object java.lang.invoke.DirectMethodHandle$Holder.invokeSpecial(java.lang.Object, java.lang.Object, int, java.lang.Object, int, java.lang.Object)'> (0x000000008ef22990) 
thrown [s\src\hotspot\share\interpreter\linkResolver.cpp, line 773]
Event: 7.052 Thread 0x00000260381ed120 Exception <a 'java/lang/NoSuchMethodError'{0x000000008ef29d80}: 'java.lang.Object java.lang.invoke.DirectMethodHandle$Holder.newInvokeSpecial(java.lang.Object, java.lang.Object, int, java.lang.Object, int)'> (0x000000008ef29d80) 
thrown [s\src\hotspot\share\interpreter\linkResolver.cpp, line 773]
Event: 7.053 Thread 0x00000260381ed120 Exception <a 'java/lang/NoSuchMethodError'{0x000000008ef2dc90}: 'java.lang.Object java.lang.invoke.DirectMethodHandle$Holder.invokeSpecial(java.lang.Object, java.lang.Object, java.lang.Object, int, java.lang.Object, int)'> (0x000000008ef2dc90) 
thrown [s\src\hotspot\share\interpreter\linkResolver.cpp, line 773]
Event: 7.320 Thread 0x000002609f290aa0 Exception <a 'java/lang/NoSuchMethodError'{0x000000008cbe83c0}: 'java.lang.Object java.lang.invoke.DirectMethodHandle$Holder.invokeSpecial(java.lang.Object, java.lang.Object, java.lang.Object, java.lang.Object, java.lang.Object, long)'> (0x000000008cbe83c0) 
thrown [s\src\hotspot\share\interpreter\linkResolver.cpp, line 773]
Event: 7.321 Thread 0x000002609f290aa0 Exception <a 'java/lang/NoSuchMethodError'{0x000000008cbebba0}: 'java.lang.Object java.lang.invoke.Invokers$Holder.linkToTargetMethod(java.lang.Object, java.lang.Object, java.lang.Object, long, java.lang.Object)'> (0x000000008cbebba0) 
thrown [s\src\hotspot\share\interpreter\linkResolver.cpp, line 773]
Event: 7.423 Thread 0x000002609f290aa0 Exception <a 'java/lang/NoSuchMethodError'{0x000000008cafbd90}: getSession> (0x000000008cafbd90) 
thrown [s\src\hotspot\share\prims\jni.cpp, line 1077]
Event: 7.660 Thread 0x000002609f290aa0 Exception <a 'java/lang/NoSuchMethodError'{0x000000008c5629d0}: 'int java.lang.invoke.DirectMethodHandle$Holder.invokeStatic(java.lang.Object, int, java.lang.Object)'> (0x000000008c5629d0) 
thrown [s\src\hotspot\share\interpreter\linkResolver.cpp, line 773]

ZGC Phase Switch (0 events):
No events

VM Operations (20 events):
Event: 8.312 Executing VM operation: CollectForMetadataAllocation (Metadata GC Threshold)
Event: 8.316 Executing VM operation: CollectForMetadataAllocation (Metadata GC Threshold) done
Event: 8.330 Executing VM operation: G1PauseRemark
Event: 8.334 Executing VM operation: G1PauseRemark done
Event: 8.340 Executing VM operation: G1PauseCleanup
Event: 8.341 Executing VM operation: G1PauseCleanup done
Event: 8.808 Executing VM operation: HandshakeAllThreads (Deoptimize)
Event: 8.808 Executing VM operation: HandshakeAllThreads (Deoptimize) done
Event: 8.823 Executing VM operation: HandshakeAllThreads (Deoptimize)
Event: 8.823 Executing VM operation: HandshakeAllThreads (Deoptimize) done
Event: 8.910 Executing VM operation: G1CollectForAllocation (G1 Evacuation Pause)
Event: 8.914 Executing VM operation: G1CollectForAllocation (G1 Evacuation Pause) done
Event: 9.048 Executing VM operation: ChangeBreakpoints
Event: 9.050 Executing VM operation: ChangeBreakpoints done
Event: 9.050 Executing VM operation: ChangeBreakpoints
Event: 9.052 Executing VM operation: ChangeBreakpoints done
Event: 9.053 Executing VM operation: get/set locals
Event: 9.053 Executing VM operation: get/set locals done
Event: 9.053 Executing VM operation: get/set locals
Event: 9.053 Executing VM operation: get/set locals done

Memory protections (0 events):
No events

Nmethod flushes (20 events):
Event: 8.333 Thread 0x00000260575fd5c0 flushing  nmethod 0x00000260433d9590
Event: 8.333 Thread 0x00000260575fd5c0 flushing  nmethod 0x00000260433d9890
Event: 8.333 Thread 0x00000260575fd5c0 flushing  nmethod 0x0000026043424790
Event: 8.333 Thread 0x00000260575fd5c0 flushing  nmethod 0x0000026043427510
Event: 8.333 Thread 0x00000260575fd5c0 flushing  nmethod 0x0000026043428f10
Event: 8.333 Thread 0x00000260575fd5c0 flushing  nmethod 0x000002604342b090
Event: 8.333 Thread 0x00000260575fd5c0 flushing  nmethod 0x000002604342d010
Event: 8.333 Thread 0x00000260575fd5c0 flushing osr nmethod 0x000002604342d510
Event: 8.333 Thread 0x00000260575fd5c0 flushing  nmethod 0x0000026043431a90
Event: 8.333 Thread 0x00000260575fd5c0 flushing  nmethod 0x0000026043433810
Event: 8.333 Thread 0x00000260575fd5c0 flushing  nmethod 0x0000026043433f10
Event: 8.333 Thread 0x00000260575fd5c0 flushing  nmethod 0x000002604346ae90
Event: 8.333 Thread 0x00000260575fd5c0 flushing  nmethod 0x000002604346c810
Event: 8.333 Thread 0x00000260575fd5c0 flushing  nmethod 0x0000026043470510
Event: 8.333 Thread 0x00000260575fd5c0 flushing  nmethod 0x0000026043498e10
Event: 8.333 Thread 0x00000260575fd5c0 flushing  nmethod 0x00000260434d6210
Event: 8.333 Thread 0x00000260575fd5c0 flushing  nmethod 0x00000260434da110
Event: 8.333 Thread 0x00000260575fd5c0 flushing  nmethod 0x0000026043670b90
Event: 8.333 Thread 0x00000260575fd5c0 flushing  nmethod 0x00000260436d6a10
Event: 8.333 Thread 0x00000260575fd5c0 flushing  nmethod 0x0000026043841210

Events (20 events):
Event: 3.458 Thread 0x000002609da593e0 Thread exited: 0x000002609da593e0
Event: 6.347 Thread 0x00000260381ed120 Thread added: 0x00000260578afd80
Event: 6.349 Thread 0x00000260578afd80 Thread added: 0x00000260a023a6c0
Event: 6.359 Thread 0x00000260381ed120 Thread added: 0x00000260a0f63930
Event: 7.072 Thread 0x00000260381ed120 Thread added: 0x000002609f290aa0
Event: 7.073 Thread 0x00000260381ed120 Thread added: 0x000002609e691860
Event: 7.073 Thread 0x00000260381ed120 Thread added: 0x00000260a0103960
Event: 7.074 Thread 0x00000260381ed120 Thread added: 0x00000260a0104d10
Event: 7.074 Thread 0x00000260381ed120 Thread added: 0x00000260a01053a0
Event: 7.074 Thread 0x00000260381ed120 Thread added: 0x00000260a0102c40
Event: 7.075 Thread 0x00000260381ed120 Thread added: 0x00000260a0105a30
Event: 7.075 Thread 0x00000260381ed120 Thread added: 0x00000260a01060c0
Event: 7.075 Thread 0x00000260381ed120 Thread added: 0x00000260a0d2cb40
Event: 7.076 Thread 0x00000260381ed120 Thread added: 0x00000260a0d2f930
Event: 7.104 Thread 0x00000260381ed120 Thread added: 0x00000260a0d2d860
Event: 7.108 Thread 0x00000260381ed120 Thread added: 0x00000260a0d2def0
Event: 7.176 Thread 0x00000260381ed120 Thread exited: 0x00000260381ed120
Event: 7.177 Thread 0x00000260a0d2d1d0 Thread added: 0x00000260a0d2d1d0
Event: 8.398 Thread 0x000002609dca2590 Thread exited: 0x000002609dca2590
Event: 8.398 Thread 0x000002609dab8da0 Thread exited: 0x000002609dab8da0


Dynamic libraries:
0x00007ff66b070000 - 0x00007ff66b07e000 	C:\Users\ishap\.jdks\ms-21.0.7\bin\java.exe
0x0000026038820000 - 0x0000026038a88000 	C:\WINDOWS\SYSTEM32\ntd1l.dll
0x00000260383a0000 - 0x0000026038469000 	C:\WINDOWS\System32\kern3l32.dll
0x00007ffbf6e80000 - 0x00007ffbf70e8000 	C:\WINDOWS\SYSTEM32\ntdll.dll
0x00007ffbf5a50000 - 0x00007ffbf5b19000 	C:\WINDOWS\System32\KERNEL32.DLL
0x00007ffbf43f0000 - 0x00007ffbf47e1000 	C:\WINDOWS\System32\KERNELBASE.dll
0x00007ffbf3250000 - 0x00007ffbf362c000 	C:\Program Files\SentinelOne\Sentinel Agent 25.1.4.434\InProcessClient64.dll
0x00007ffbf50b0000 - 0x00007ffbf5164000 	C:\WINDOWS\System32\ADVAPI32.dll
0x00007ffbf67c0000 - 0x00007ffbf6869000 	C:\WINDOWS\System32\msvcrt.dll
0x00007ffbf5b20000 - 0x00007ffbf5bc6000 	C:\WINDOWS\System32\sechost.dll
0x00007ffbf5170000 - 0x00007ffbf5288000 	C:\WINDOWS\System32\RPCRT4.dll
0x00007ffbf4970000 - 0x00007ffbf4abb000 	C:\WINDOWS\System32\ucrtbase.dll
0x00007ffbeeb60000 - 0x00007ffbeeb7d000 	C:\Users\ishap\.jdks\ms-21.0.7\bin\VCRUNTIME140.dll
0x00007ffbee9b0000 - 0x00007ffbee9c8000 	C:\Users\ishap\.jdks\ms-21.0.7\bin\jli.dll
0x00007ffbf5450000 - 0x00007ffbf5616000 	C:\WINDOWS\System32\USER32.dll
0x00007ffbdf360000 - 0x00007ffbdf5f3000 	C:\WINDOWS\WinSxS\amd64_microsoft.windows.common-controls_6595b64144ccf1df_6.0.26100.7705_none_3e06597ae3363b04\COMCTL32.dll
0x00007ffbf4ac0000 - 0x00007ffbf4ae7000 	C:\WINDOWS\System32\win32u.dll
0x00007ffbf52c0000 - 0x00007ffbf52eb000 	C:\WINDOWS\System32\GDI32.dll
0x00007ffbf4af0000 - 0x00007ffbf4c1b000 	C:\WINDOWS\System32\gdi32full.dll
0x00007ffbf3820000 - 0x00007ffbf38c3000 	C:\WINDOWS\System32\msvcp_win.dll
0x00007ffbf31d0000 - 0x00007ffbf31db000 	C:\WINDOWS\SYSTEM32\VERSION.dll
0x00007ffbf31c0000 - 0x00007ffbf31cc000 	C:\WINDOWS\SYSTEM32\FLTLIB.DLL
0x00007ffbf6880000 - 0x00007ffbf68b1000 	C:\WINDOWS\System32\IMM32.DLL
0x00007ffbeeb50000 - 0x00007ffbeeb5c000 	C:\Users\ishap\.jdks\ms-21.0.7\bin\vcruntime140_1.dll
0x00007ffbe5fb0000 - 0x00007ffbe603d000 	C:\Users\ishap\.jdks\ms-21.0.7\bin\msvcp140.dll
0x00007ffb7b380000 - 0x00007ffb7c118000 	C:\Users\ishap\.jdks\ms-21.0.7\bin\server\jvm.dll
0x00007ffbf52f0000 - 0x00007ffbf5364000 	C:\WINDOWS\System32\WS2_32.dll
0x00007ffbf31e0000 - 0x00007ffbf323e000 	C:\WINDOWS\SYSTEM32\POWRPROF.dll
0x00007ffbec9c0000 - 0x00007ffbec9f5000 	C:\WINDOWS\SYSTEM32\WINMM.dll
0x00007ffbf2ff0000 - 0x00007ffbf3004000 	C:\WINDOWS\SYSTEM32\UMPDC.dll
0x00007ffbf2110000 - 0x00007ffbf212b000 	C:\WINDOWS\SYSTEM32\kernel.appcore.dll
0x00007ffbe91e0000 - 0x00007ffbe91ea000 	C:\Users\ishap\.jdks\ms-21.0.7\bin\jimage.dll
0x00007ffbe6d80000 - 0x00007ffbe6fc2000 	C:\WINDOWS\SYSTEM32\DBGHELP.DLL
0x00007ffbf56c0000 - 0x00007ffbf5a46000 	C:\WINDOWS\System32\combase.dll
0x00007ffbf6d60000 - 0x00007ffbf6e37000 	C:\WINDOWS\System32\OLEAUT32.dll
0x00007ffbd7a90000 - 0x00007ffbd7acb000 	C:\WINDOWS\SYSTEM32\dbgcore.DLL
0x00007ffbf3960000 - 0x00007ffbf3a05000 	C:\WINDOWS\System32\bcryptPrimitives.dll
0x00007ffbf0bb0000 - 0x00007ffbf0bbf000 	C:\Users\ishap\.jdks\ms-21.0.7\bin\instrument.dll
0x00007ffbe5f90000 - 0x00007ffbe5fb0000 	C:\Users\ishap\.jdks\ms-21.0.7\bin\java.dll
0x00007ffbea3b0000 - 0x00007ffbea450000 	C:\Program Files\SentinelOne\Sentinel Agent 25.1.4.434\SentinelJava64.dll
0x00007ffbf68c0000 - 0x00007ffbf6a57000 	C:\WINDOWS\System32\ole32.dll
0x00007ffbf6060000 - 0x00007ffbf67b1000 	C:\WINDOWS\System32\SHELL32.dll
0x00007ffbf3a10000 - 0x00007ffbf3b7a000 	C:\WINDOWS\System32\wintypes.dll
0x00007ffbf3b80000 - 0x00007ffbf43e2000 	C:\WINDOWS\System32\windows.storage.dll
0x00007ffbf4ee0000 - 0x00007ffbf4fd6000 	C:\WINDOWS\System32\SHCORE.dll
0x00007ffbf6a60000 - 0x00007ffbf6ac7000 	C:\WINDOWS\System32\shlwapi.dll
0x00007ffbf3680000 - 0x00007ffbf36a9000 	C:\WINDOWS\SYSTEM32\profapi.dll
0x00007ffbb8400000 - 0x00007ffbb84d6000 	C:\Users\ishap\.jdks\ms-21.0.7\bin\jsvml.dll
0x00007ffbe5f50000 - 0x00007ffbe5f68000 	C:\Users\ishap\.jdks\ms-21.0.7\bin\zip.dll
0x00007ffbe91d0000 - 0x00007ffbe91e0000 	C:\Users\ishap\.jdks\ms-21.0.7\bin\net.dll
0x00007ffbe8710000 - 0x00007ffbe8837000 	C:\WINDOWS\SYSTEM32\WINHTTP.dll
0x00007ffbf2680000 - 0x00007ffbf26eb000 	C:\WINDOWS\system32\mswsock.dll
0x00007ffbe5f70000 - 0x00007ffbe5f86000 	C:\Users\ishap\.jdks\ms-21.0.7\bin\nio.dll
0x00007ffbf0b60000 - 0x00007ffbf0b7a000 	C:\Program Files\JetBrains\IntelliJ IDEA Community Edition 2023.2.1\bin\breakgen64.dll
0x00007ffbe6100000 - 0x00007ffbe6109000 	C:\Users\ishap\.jdks\ms-21.0.7\bin\extnet.dll
0x00007ffbe52e0000 - 0x00007ffbe52ee000 	C:\Users\ishap\.jdks\ms-21.0.7\bin\sunmscapi.dll
0x00007ffbf47f0000 - 0x00007ffbf4967000 	C:\WINDOWS\System32\CRYPT32.dll
0x00007ffbf2b60000 - 0x00007ffbf2b90000 	C:\WINDOWS\SYSTEM32\ncrypt.dll
0x00007ffbf2b10000 - 0x00007ffbf2b4f000 	C:\WINDOWS\SYSTEM32\NTASN1.dll
0x00007ffbf2940000 - 0x00007ffbf295b000 	C:\WINDOWS\SYSTEM32\CRYPTSP.dll
0x00007ffbf2070000 - 0x00007ffbf20a9000 	C:\WINDOWS\system32\rsaenh.dll
0x00007ffbf2730000 - 0x00007ffbf275b000 	C:\WINDOWS\SYSTEM32\USERENV.dll
0x00007ffbf3650000 - 0x00007ffbf367a000 	C:\WINDOWS\SYSTEM32\bcrypt.dll
0x00007ffbf2960000 - 0x00007ffbf296c000 	C:\WINDOWS\SYSTEM32\CRYPTBASE.dll
0x00007ffbf1b60000 - 0x00007ffbf1b94000 	C:\WINDOWS\SYSTEM32\IPHLPAPI.DLL
0x00007ffbf6870000 - 0x00007ffbf687a000 	C:\WINDOWS\System32\NSI.dll
0x00007ffbf0b40000 - 0x00007ffbf0b4a000 	C:\Users\ishap\.jdks\ms-21.0.7\bin\management.dll
0x00007ffbf0b30000 - 0x00007ffbf0b3b000 	C:\Users\ishap\.jdks\ms-21.0.7\bin\management_ext.dll
0x00007ffbf56b0000 - 0x00007ffbf56b8000 	C:\WINDOWS\System32\PSAPI.DLL
0x00007ffbb2f90000 - 0x00007ffbb2f98000 	C:\WINDOWS\system32\wshunix.dll

dbghelp: loaded successfully - version: 4.0.5 - missing functions: none
symbol engine: initialized successfully - sym options: 0x614 - pdb path: .;C:\Users\ishap\.jdks\ms-21.0.7\bin;C:\WINDOWS\SYSTEM32;C:\Program Files\SentinelOne\Sentinel Agent 25.1.4.434;C:\WINDOWS\WinSxS\amd64_microsoft.windows.common-controls_6595b64144ccf1df_6.0.26100.7705_none_3e06597ae3363b04;C:\Users\ishap\.jdks\ms-21.0.7\bin\server;C:\Program Files\JetBrains\IntelliJ IDEA Community Edition 2023.2.1\bin

VM Arguments:
jvm_args: -javaagent:C:\Program Files\JetBrains\IntelliJ IDEA Community Edition 2023.2.1\lib\idea_rt.jar=60944:C:\Program Files\JetBrains\IntelliJ IDEA Community Edition 2023.2.1\bin -Dfile.encoding=UTF-8 -Dsun.stdout.encoding=UTF-8 -Dsun.stderr.encoding=UTF-8 -agentpath:C:\Program Files\SentinelOne\Sentinel Agent 25.1.4.434\SentinelJava64.dll=extendedCapabilities 
java_command: com.example.demo.SpringbootWeb1Application
java_class_path (initial): D:\addverb\spring\demo\target\classes;C:\Users\ishap\.m2\repository\org\springframework\boot\spring-boot-starter-web\3.2.1\spring-boot-starter-web-3.2.1.jar;C:\Users\ishap\.m2\repository\org\springframework\boot\spring-boot-starter\3.2.1\spring-boot-starter-3.2.1.jar;C:\Users\ishap\.m2\repository\org\springframework\boot\spring-boot\3.2.1\spring-boot-3.2.1.jar;C:\Users\ishap\.m2\repository\org\springframework\boot\spring-boot-autoconfigure\3.2.1\spring-boot-autoconfigure-3.2.1.jar;C:\Users\ishap\.m2\repository\org\springframework\boot\spring-boot-starter-logging\3.2.1\spring-boot-starter-logging-3.2.1.jar;C:\Users\ishap\.m2\repository\ch\qos\logback\logback-classic\1.4.14\logback-classic-1.4.14.jar;C:\Users\ishap\.m2\repository\ch\qos\logback\logback-core\1.4.14\logback-core-1.4.14.jar;C:\Users\ishap\.m2\repository\org\apache\logging\log4j\log4j-to-slf4j\2.21.1\log4j-to-slf4j-2.21.1.jar;C:\Users\ishap\.m2\repository\org\apache\logging\log4j\log4j-api\2.21.1\log4j-api-2.21.1.jar;C:\Users\ishap\.m2\repository\org\slf4j\jul-to-slf4j\2.0.9\jul-to-slf4j-2.0.9.jar;C:\Users\ishap\.m2\repository\jakarta\annotation\jakarta.annotation-api\2.1.1\jakarta.annotation-api-2.1.1.jar;C:\Users\ishap\.m2\repository\org\yaml\snakeyaml\2.2\snakeyaml-2.2.jar;C:\Users\ishap\.m2\repository\org\springframework\boot\spring-boot-starter-json\3.2.1\spring-boot-starter-json-3.2.1.jar;C:\Users\ishap\.m2\repository\com\fasterxml\jackson\core\jackson-databind\2.15.3\jackson-databind-2.15.3.jar;C:\Users\ishap\.m2\repository\com\fasterxml\jackson\core\jackson-annotations\2.15.3\jackson-annotations-2.15.3.jar;C:\Users\ishap\.m2\repository\com\fasterxml\jackson\core\jackson-core\2.15.3\jackson-core-2.15.3.jar;C:\Users\ishap\.m2\repository\com\fasterxml\jackson\datatype\jackson-datatype-jdk8\2.15.3\jackson-datatype-jdk8-2.15.3.jar;C:\Users\ishap\.m2\repository\com\fasterxml\jackson\datatype\jackson-datatype-jsr310\2.15.3\jackson-datatype-jsr310-2.15.3.jar;C:\Users\ishap\.m2\repository\com\fasterxml\jackson\module\jackson-module-parameter-names\2.15.3\jackson-module-parameter-names-2.15.3.jar;C:\Users\ishap\.m2\repository\org\springframework\boot\spring-boot-starter-tomcat\3.2.1\spring-boot-starter-tomcat-3.2.1.jar;C:\Users\ishap\.m2\repository\org\apache\tomcat\embed\tomcat-embed-core\10.1.17\tomcat-embed-core-10.1.17.jar;C:\Users\ishap\.m2\repository\org\apache\tomcat\embed\tomcat-embed-el\10.1.17\tomcat-embed-el-10.1.17.jar;C:\Users\ishap\.m2\repository\org\apache\tomcat\embed\tomcat-embed-websocket\10.1.17\tomcat-embed-websocket-10.1.17.jar;C:\Users\ishap\.m2\repository\org\springframework\spring-web\6.1.2\spring-web-6.1.2.jar;C:\Users\ishap\.m2\repository\org\springframework\spring-beans\6.1.2\spring-beans-6.1.2.jar;C:\Users\ishap\.m2\repository\io\micrometer\micrometer-observation\1.12.1\micrometer-observation-1.12.1.jar;C:\Users\ishap\.m2\repository\io\micrometer\micrometer-commons\1.12.1\micrometer-commons-1.12.1.jar;C:\Users\ishap\.m2\repository\org\springframework\spring-webmvc\6.1.2\spring-webmvc-6.1.2.jar;C:\Users\ishap\.m2\repository\org\springframework\spring-aop\6.1.2\spring-aop-6.1.2.jar;C:\Users\ishap\.m2\repository\org\springframework\spring-context\6.1.2\spring-context-6.1.2.jar;C:\Users\ishap\.m2\repository\org\springframework\spring-expression\6.1.2\spring-expression-6.1.2.jar;C:\Users\ishap\.m2\repository\org\slf4j\slf4j-api\2.0.9\slf4j-api-2.0.9.jar;C:\Users\ishap\.m2\repository\org\springframework\spring-core\6.1.2\spring-core-6.1.2.jar;C:\Users\ishap\.m2\repository\org\springframework\spring-jcl\6.1.2\spring-jcl-6.1.2.jar;C:\Users\ishap\.m2\repository\org\apache\tomcat\tomcat-jasper\10.1.17\tomcat-jasper-10.1.17.jar;C:\Users\ishap\.m2\repository\org\apache\tomcat\tomcat-servlet-api\10.1.17\tomcat-servlet-api-10.1.17.jar;C:\Users\ishap\.m2\repository\org\apache\tomcat\tomcat-juli\10.1.17\tomcat-juli-10.1.17.jar;C:\Users\ishap\.m2\repository\org\apache\tomcat\tomcat-jsp-api\10.1.17\tomcat-jsp-api-10.1.17.jar;C:\Users\ishap\.m2\repository\org\apache\tomcat\tomcat-el-api\10.1.17\tomcat-el-api-10.1.17.jar;C:\Users\ishap\.m2\repository\org\eclipse\jdt\ecj\3.33.0\ecj-3.33.0.jar;C:\Users\ishap\.m2\repository\org\apache\tomcat\tomcat-jasper-el\10.1.17\tomcat-jasper-el-10.1.17.jar;C:\Users\ishap\.m2\repository\org\apache\tomcat\tomcat-api\10.1.17\tomcat-api-10.1.17.jar;C:\Users\ishap\.m2\repository\org\apache\tomcat\tomcat-util-scan\10.1.17\tomcat-util-scan-10.1.17.jar;C:\Users\ishap\.m2\repository\org\apache\tomcat\tomcat-util\10.1.17\tomcat-util-10.1.17.jar
Launcher Type: SUN_STANDARD

[Global flags]
     intx CICompilerCount                          = 4                                         {product} {ergonomic}
     uint ConcGCThreads                            = 2                                         {product} {ergonomic}
     uint G1ConcRefinementThreads                  = 8                                         {product} {ergonomic}
   size_t G1HeapRegionSize                         = 1048576                                   {product} {ergonomic}
    uintx GCDrainStackTargetSize                   = 64                                        {product} {ergonomic}
   size_t InitialHeapSize                          = 123731968                                 {product} {ergonomic}
   size_t MarkStackSize                            = 4194304                                   {product} {ergonomic}
   size_t MaxHeapSize                              = 1967128576                                {product} {ergonomic}
   size_t MaxNewSize                               = 1179648000                                {product} {ergonomic}
   size_t MinHeapDeltaBytes                        = 1048576                                   {product} {ergonomic}
   size_t MinHeapSize                              = 8388608                                   {product} {ergonomic}
    uintx NonNMethodCodeHeapSize                   = 5839372                                {pd product} {ergonomic}
    uintx NonProfiledCodeHeapSize                  = 122909434                              {pd product} {ergonomic}
    uintx ProfiledCodeHeapSize                     = 122909434                              {pd product} {ergonomic}
    uintx ReservedCodeCacheSize                    = 251658240                              {pd product} {ergonomic}
     bool SegmentedCodeCache                       = true                                      {product} {ergonomic}
   size_t SoftMaxHeapSize                          = 1967128576                             {manageable} {ergonomic}
     bool UseCompressedOops                        = true                           {product lp64_product} {ergonomic}
     bool UseG1GC                                  = true                                      {product} {ergonomic}
     bool UseLargePagesIndividualAllocation        = false                                  {pd product} {ergonomic}

Logging:
Log output configuration:
 #0: stdout all=warning uptime,level,tags foldmultilines=false
 #1: stderr all=off uptime,level,tags foldmultilines=false

Environment Variables:
JAVA_HOME=C:\Program Files\Java\jdk-20
PATH=C:\WINDOWS\system32;C:\WINDOWS;C:\WINDOWS\System32\Wbem;C:\WINDOWS\System32\WindowsPowerShell\v1.0\;C:\WINDOWS\System32\OpenSSH\;C:\Program Files\Git\cmd;C:\Program Files\Git\mingw64\bin;C:\Program Files\Git\usr\bin;C:\Program Files (x86)\Windows Kits\10\Windows Performance Toolkit\;C:\src\flutter\bin;C:\Program Files\nodejs\;C:\ProgramData\chocolatey\bin;C:\Program Files\MongoDB\Server\7.0\bin;C:\Program Files\Java\jdk-20\bin;C:\Program Files\Common Files\Oracle\Java\javapath;C:\Program Files (x86)\Common Files\Oracle\Java\javapath;C:\Program Files\Amazon\AWSCLIV2\;C:\Program Files\MySQL\MySQL Shell 8.0\bin\;C:\Users\ishap\AppData\Local\Microsoft\WindowsApps;C:\MinGW\bin;C:\Users\ishap\AppData\Local\Programs\Microsoft VS Code\bin;C:\Program Files\JetBrains\IntelliJ IDEA Community Edition 2023.2.1\bin;;C:\Users\ishap\AppData\Local\Microsoft\WinGet\Packages\Schniz.fnm_Microsoft.Winget.Source_8wekyb3d8bbwe;C:\Users\ishap\AppData\Roaming\npm;C:\Program Files\mongosh\;C:\Users\ishap\AppData\Local\Programs\Python\Python312\Scripts;C:\Users\ishap\AppData\Local\Programs\Python\Python312;D:\maeven\apache-maven-3.9.9\bin;C:\Program Files\Java\jdk-20\bin;
USERNAME=ishap
OS=Windows_NT
PROCESSOR_IDENTIFIER=AMD64 Family 23 Model 104 Stepping 1, AuthenticAMD
TMP=C:\Users\ishap\AppData\Local\Temp
TEMP=C:\Users\ishap\AppData\Local\Temp




Periodic native trim disabled

---------------  S Y S T E M  ---------------

OS:
 Windows 11 , 64 bit Build 26100 (10.0.26100.7705)
OS uptime: 2 days 19:03 hours
Hyper-V role detected

CPU: total 8 (initial active 8) (8 cores per cpu, 2 threads per core) family 23 model 104 stepping 1 microcode 0x8608107, cx8, cmov, fxsr, ht, mmx, 3dnowpref, sse, sse2, sse3, ssse3, sse4a, sse4.1, sse4.2, popcnt, lzcnt, tsc, tscinvbit, avx, avx2, aes, clmul, bmi1, bmi2, adx, sha, fma, vzeroupper, clflush, clflushopt, hv, rdtscp, rdpid, f16c
Processor Information for processor 0
  Max Mhz: 2600, Current Mhz: 2600, Mhz Limit: 2600
Processor Information for processor 1
  Max Mhz: 2600, Current Mhz: 1789, Mhz Limit: 2600
Processor Information for processor 2
  Max Mhz: 2600, Current Mhz: 1789, Mhz Limit: 2600
Processor Information for processor 3
  Max Mhz: 2600, Current Mhz: 2600, Mhz Limit: 2600
Processor Information for processor 4
  Max Mhz: 2600, Current Mhz: 2600, Mhz Limit: 2600
Processor Information for processor 5
  Max Mhz: 2600, Current Mhz: 1789, Mhz Limit: 2600
Processor Information for processor 6
  Max Mhz: 2600, Current Mhz: 1789, Mhz Limit: 2600
Processor Information for processor 7
  Max Mhz: 2600, Current Mhz: 2600, Mhz Limit: 2600

Memory: 4k page, system-wide physical 7502M (701M free)
TotalPageFile size 22350M (AvailPageFile size 5715M)
current process WorkingSet (physical memory assigned to process): 223M, peak: 223M
current process commit charge ("private bytes"): 251M, peak: 324M

vm_info: OpenJDK 64-Bit Server VM (21.0.7+6-LTS) for windows-amd64 JRE (21.0.7+6-LTS), built on 2025-04-09T22:17:25Z by "MicrosoftCorporation" with unknown MS VC++:1939

END.
